65536
cache size: 33554432
mkdir .cache: 
mkdir!
CloudFS Error: cloudfs_mkdir!

Create bucket
Initialize string map
Initialize head node
restore md5 map
restore cache map
getattr! /home/student/mnt/ssd/
lstat:0
access!
cloudfs_opendir! /home/student/mnt/ssd/
cloudfs_readdir /home/student/mnt/ssd/
getattr! /home/student/mnt/ssd/small_test
lstat:0
getxattr!
CloudFS Error: cloudfs_getxattr!

getxattr!
CloudFS Error: cloudfs_getxattr!

getxattr!
CloudFS Error: cloudfs_getxattr!

getattr! /home/student/mnt/ssd/lost+found
lstat:0
getxattr!
CloudFS Error: cloudfs_getxattr!

getxattr!
CloudFS Error: cloudfs_getxattr!

getxattr!
CloudFS Error: cloudfs_getxattr!

cloudfs_opendir! /home/student/mnt/ssd/lost+found
cloudfs_readdir /home/student/mnt/ssd/lost+found
cloudfs_opendir! /home/student/mnt/ssd/small_test
cloudfs_readdir /home/student/mnt/ssd/small_test
getattr! /home/student/mnt/ssd/small_test/b
lstat:0
getxattr!
CloudFS Error: cloudfs_getxattr!

getxattr!
CloudFS Error: cloudfs_getxattr!

getxattr!
CloudFS Error: cloudfs_getxattr!

getattr! /home/student/mnt/ssd/small_test/a
lstat:0
getxattr!
CloudFS Error: cloudfs_getxattr!

getxattr!
CloudFS Error: cloudfs_getxattr!

getxattr!
CloudFS Error: cloudfs_getxattr!

getattr! /home/student/mnt/ssd/small_test/c
lstat:0
getxattr!
CloudFS Error: cloudfs_getxattr!

getxattr!
CloudFS Error: cloudfs_getxattr!

getxattr!
CloudFS Error: cloudfs_getxattr!

cloudfs_opendir! /home/student/mnt/ssd/small_test/a
cloudfs_readdir /home/student/mnt/ssd/small_test/a
getattr! /home/student/mnt/ssd/small_test/a/1
lstat:0
getxattr!
CloudFS Error: cloudfs_getxattr!

getxattr!
CloudFS Error: cloudfs_getxattr!

getxattr!
CloudFS Error: cloudfs_getxattr!

getattr! /home/student/mnt/ssd/small_test/a/3
lstat:0
getxattr!
CloudFS Error: cloudfs_getxattr!

getxattr!
CloudFS Error: cloudfs_getxattr!

getxattr!
CloudFS Error: cloudfs_getxattr!

getattr! /home/student/mnt/ssd/small_test/a/2
lstat:0
getxattr!
CloudFS Error: cloudfs_getxattr!

getxattr!
CloudFS Error: cloudfs_getxattr!

getxattr!
CloudFS Error: cloudfs_getxattr!

cloudfs_opendir! /home/student/mnt/ssd/small_test/b
cloudfs_readdir /home/student/mnt/ssd/small_test/b
getattr! /home/student/mnt/ssd/small_test/b/4
lstat:0
getxattr!
CloudFS Error: cloudfs_getxattr!

getxattr!
CloudFS Error: cloudfs_getxattr!

getxattr!
CloudFS Error: cloudfs_getxattr!

cloudfs_opendir! /home/student/mnt/ssd/small_test/c
cloudfs_readdir /home/student/mnt/ssd/small_test/c
getattr! /home/student/mnt/ssd/small_test/c/d
lstat:0
getxattr!
CloudFS Error: cloudfs_getxattr!

getxattr!
CloudFS Error: cloudfs_getxattr!

getxattr!
CloudFS Error: cloudfs_getxattr!

getattr! /home/student/mnt/ssd/small_test/c/5
lstat:0
getxattr!
CloudFS Error: cloudfs_getxattr!

getxattr!
CloudFS Error: cloudfs_getxattr!

getxattr!
CloudFS Error: cloudfs_getxattr!

getattr! /home/student/mnt/ssd/small_test/c/e
lstat:0
getxattr!
CloudFS Error: cloudfs_getxattr!

getxattr!
CloudFS Error: cloudfs_getxattr!

getxattr!
CloudFS Error: cloudfs_getxattr!

getattr! /home/student/mnt/ssd/small_test/c/6
lstat:0
getxattr!
CloudFS Error: cloudfs_getxattr!

getxattr!
CloudFS Error: cloudfs_getxattr!

getxattr!
CloudFS Error: cloudfs_getxattr!

cloudfs_opendir! /home/student/mnt/ssd/small_test/c/d
cloudfs_readdir /home/student/mnt/ssd/small_test/c/d
getattr! /home/student/mnt/ssd/small_test/c/d/8
lstat:0
getxattr!
CloudFS Error: cloudfs_getxattr!

getxattr!
CloudFS Error: cloudfs_getxattr!

getxattr!
CloudFS Error: cloudfs_getxattr!

getattr! /home/student/mnt/ssd/small_test/c/d/7
lstat:0
getxattr!
CloudFS Error: cloudfs_getxattr!

getxattr!
CloudFS Error: cloudfs_getxattr!

getxattr!
CloudFS Error: cloudfs_getxattr!

cloudfs_opendir! /home/student/mnt/ssd/small_test/c/e
cloudfs_readdir /home/student/mnt/ssd/small_test/c/e
getattr! /home/student/mnt/ssd/
lstat:0
