2015-04-30 15:39:15,322 DEBUG S3 Server: CREATE Bucket bkt
2015-04-30 15:39:15,323 DEBUG S3 Server: CREATE Bucket snapshot
2015-04-30 15:39:24,329 DEBUG S3 Server: PUT Object bkt/7a0c68763de6df9e6026b1056dc0cd61
2015-04-30 15:39:24,331 DEBUG S3 Server: PUT Object bkt/45a62d3d5d3e946250904697486591bc
2015-04-30 15:39:24,334 DEBUG S3 Server: PUT Object snapshot/1430422764
2015-04-30 15:40:30,527 DEBUG S3 Server: GET Object bkt/1430422764
2015-04-30 16:21:44,951 DEBUG S3 Server: CREATE Bucket bkt
2015-04-30 16:21:44,953 DEBUG S3 Server: CREATE Bucket snapshot
2015-04-30 19:54:10,180 DEBUG S3 Server: CREATE Bucket bkt
2015-04-30 19:54:10,183 DEBUG S3 Server: CREATE Bucket snapshot
2015-04-30 19:59:17,283 DEBUG S3 Server: CREATE Bucket bkt
2015-04-30 19:59:17,285 DEBUG S3 Server: CREATE Bucket snapshot
2015-04-30 20:01:33,709 DEBUG S3 Server: CREATE Bucket bkt
2015-04-30 20:01:33,712 DEBUG S3 Server: CREATE Bucket snapshot
2015-04-30 20:10:35,087 DEBUG S3 Server: CREATE Bucket bkt
2015-04-30 20:10:35,090 DEBUG S3 Server: CREATE Bucket snapshot
2015-04-30 20:24:35,150 DEBUG S3 Server: CREATE Bucket bkt
2015-04-30 20:24:35,153 DEBUG S3 Server: CREATE Bucket snapshot
2015-04-30 20:34:52,194 DEBUG S3 Server: CREATE Bucket bkt
2015-04-30 20:34:52,196 DEBUG S3 Server: CREATE Bucket snapshot
2015-04-30 20:35:11,273 DEBUG S3 Server: PUT Object bkt/7a0c68763de6df9e6026b1056dc0cd61
2015-04-30 20:35:11,274 DEBUG S3 Server: PUT Object bkt/45a62d3d5d3e946250904697486591bc
2015-04-30 20:42:01,628 DEBUG S3 Server: CREATE Bucket bkt
2015-04-30 20:42:01,631 DEBUG S3 Server: CREATE Bucket snapshot
2015-04-30 20:42:05,797 DEBUG S3 Server: PUT Object bkt/7a0c68763de6df9e6026b1056dc0cd61
2015-04-30 20:42:05,798 DEBUG S3 Server: PUT Object bkt/45a62d3d5d3e946250904697486591bc
2015-04-30 20:49:21,912 DEBUG S3 Server: CREATE Bucket bkt
2015-04-30 20:49:21,913 DEBUG S3 Server: CREATE Bucket snapshot
2015-04-30 20:49:24,907 DEBUG S3 Server: PUT Object bkt/7a0c68763de6df9e6026b1056dc0cd61
2015-04-30 20:49:24,908 DEBUG S3 Server: PUT Object bkt/45a62d3d5d3e946250904697486591bc
2015-04-30 22:16:05,147 DEBUG S3 Server: CREATE Bucket bkt
2015-04-30 22:16:05,150 DEBUG S3 Server: CREATE Bucket snapshot
2015-04-30 22:16:26,113 DEBUG S3 Server: PUT Object bkt/7a0c68763de6df9e6026b1056dc0cd61
2015-04-30 22:16:26,114 DEBUG S3 Server: PUT Object bkt/45a62d3d5d3e946250904697486591bc
2015-04-30 22:16:35,837 DEBUG S3 Server: PUT Object snapshot/1430446595
2015-04-30 22:18:21,574 DEBUG S3 Server: PUT Object snapshot/1430446701
2015-04-30 22:20:08,262 DEBUG S3 Server: GET Object snapshot/1430446595
2015-05-01 00:12:57,939 DEBUG S3 Server: CREATE Bucket bkt
2015-05-01 00:12:57,941 DEBUG S3 Server: CREATE Bucket snapshot
2015-05-01 00:13:17,574 DEBUG S3 Server: PUT Object bkt/8ff28e0c7e6799d075d37b512b50e649
2015-05-01 00:13:17,575 DEBUG S3 Server: PUT Object bkt/c5fe25896e49ddfe996db7508cf00534
2015-05-01 00:13:17,588 DEBUG S3 Server: PUT Object bkt/aa7a7e11e72e815f25c05bf45c9a4567
2015-05-01 00:13:17,589 DEBUG S3 Server: PUT Object bkt/8ddcff3a80f4189ca1c9d4d902c3c909
2015-05-01 00:13:17,599 DEBUG S3 Server: PUT Object bkt/7a62c66217643d5d16195f10ec91af62
2015-05-01 00:13:17,600 DEBUG S3 Server: PUT Object bkt/dc0fa7df3d07904a09288bd2d2bb5f40
2015-05-01 00:13:17,608 DEBUG S3 Server: PUT Object bkt/f3b864f4e9b7396569996ff4749c60c4
2015-05-01 00:13:17,609 DEBUG S3 Server: PUT Object bkt/f379eaf3c831b04de153469d1bec345e
2015-05-01 00:13:17,619 DEBUG S3 Server: PUT Object bkt/32ae611e9cd03990d2933c89396b3ee2
2015-05-01 00:13:17,620 DEBUG S3 Server: PUT Object bkt/c4ca4238a0b923820dcc509a6f75849b
2015-05-01 00:13:17,629 DEBUG S3 Server: PUT Object bkt/ca7161a502db8be8089d16a8b2280970
2015-05-01 00:13:17,630 DEBUG S3 Server: PUT Object bkt/310dcbbf4cce62f762a2aaa148d556bd
2015-05-01 00:13:17,642 DEBUG S3 Server: PUT Object bkt/eaf051ae16fe998613cb7c28a07ddaed
2015-05-01 00:13:17,643 DEBUG S3 Server: PUT Object bkt/b6d767d2f8ed5d21a44b0e5886680cb9
2015-05-01 00:13:17,654 DEBUG S3 Server: PUT Object bkt/7a0c68763de6df9e6026b1056dc0cd61
2015-05-01 00:13:17,655 DEBUG S3 Server: PUT Object bkt/dbc4d84bfcfe2284ba11beffb853a8c4
2015-05-01 00:16:48,128 DEBUG S3 Server: CREATE Bucket bkt
2015-05-01 00:16:48,131 DEBUG S3 Server: CREATE Bucket snapshot
2015-05-01 00:17:59,308 DEBUG S3 Server: CREATE Bucket bkt
2015-05-01 00:17:59,310 DEBUG S3 Server: CREATE Bucket snapshot
2015-05-01 00:19:53,184 DEBUG S3 Server: PUT Object bkt/8ff28e0c7e6799d075d37b512b50e649
2015-05-01 00:19:53,187 DEBUG S3 Server: PUT Object bkt/c5fe25896e49ddfe996db7508cf00534
2015-05-01 00:19:53,204 DEBUG S3 Server: PUT Object bkt/aa7a7e11e72e815f25c05bf45c9a4567
2015-05-01 00:19:53,206 DEBUG S3 Server: PUT Object bkt/8ddcff3a80f4189ca1c9d4d902c3c909
2015-05-01 00:19:53,222 DEBUG S3 Server: PUT Object bkt/7a62c66217643d5d16195f10ec91af62
2015-05-01 00:19:53,223 DEBUG S3 Server: PUT Object bkt/dc0fa7df3d07904a09288bd2d2bb5f40
2015-05-01 00:19:53,241 DEBUG S3 Server: PUT Object bkt/f3b864f4e9b7396569996ff4749c60c4
2015-05-01 00:19:53,243 DEBUG S3 Server: PUT Object bkt/f379eaf3c831b04de153469d1bec345e
2015-05-01 00:19:53,258 DEBUG S3 Server: PUT Object bkt/32ae611e9cd03990d2933c89396b3ee2
2015-05-01 00:19:53,260 DEBUG S3 Server: PUT Object bkt/c4ca4238a0b923820dcc509a6f75849b
2015-05-01 00:19:53,276 DEBUG S3 Server: PUT Object bkt/ca7161a502db8be8089d16a8b2280970
2015-05-01 00:19:53,279 DEBUG S3 Server: PUT Object bkt/310dcbbf4cce62f762a2aaa148d556bd
2015-05-01 00:19:53,298 DEBUG S3 Server: PUT Object bkt/eaf051ae16fe998613cb7c28a07ddaed
2015-05-01 00:19:53,300 DEBUG S3 Server: PUT Object bkt/b6d767d2f8ed5d21a44b0e5886680cb9
2015-05-01 00:19:53,312 DEBUG S3 Server: PUT Object bkt/7a0c68763de6df9e6026b1056dc0cd61
2015-05-01 00:19:53,313 DEBUG S3 Server: PUT Object bkt/dbc4d84bfcfe2284ba11beffb853a8c4
2015-05-01 00:20:13,641 DEBUG S3 Server: DELETE Object bkt/7a0c68763de6df9e6026b1056dc0cd61
2015-05-01 00:20:13,643 DEBUG S3 Server: DELETE Object bkt/dbc4d84bfcfe2284ba11beffb853a8c4
2015-05-01 00:20:25,216 DEBUG S3 Server: DELETE Object bkt/f3b864f4e9b7396569996ff4749c60c4
2015-05-01 00:20:25,218 DEBUG S3 Server: DELETE Object bkt/f379eaf3c831b04de153469d1bec345e
2015-05-01 00:20:32,056 DEBUG S3 Server: DELETE Object bkt/aa7a7e11e72e815f25c05bf45c9a4567
2015-05-01 00:20:32,057 DEBUG S3 Server: DELETE Object bkt/8ddcff3a80f4189ca1c9d4d902c3c909
2015-05-01 00:24:15,215 DEBUG S3 Server: CREATE Bucket bkt
2015-05-01 00:24:15,218 DEBUG S3 Server: CREATE Bucket snapshot
2015-05-01 00:24:22,225 DEBUG S3 Server: PUT Object bkt/8ff28e0c7e6799d075d37b512b50e649
2015-05-01 00:24:22,227 DEBUG S3 Server: PUT Object bkt/c5fe25896e49ddfe996db7508cf00534
2015-05-01 00:24:22,245 DEBUG S3 Server: PUT Object bkt/aa7a7e11e72e815f25c05bf45c9a4567
2015-05-01 00:24:22,248 DEBUG S3 Server: PUT Object bkt/8ddcff3a80f4189ca1c9d4d902c3c909
2015-05-01 00:24:22,264 DEBUG S3 Server: PUT Object bkt/7a62c66217643d5d16195f10ec91af62
2015-05-01 00:24:22,265 DEBUG S3 Server: PUT Object bkt/dc0fa7df3d07904a09288bd2d2bb5f40
2015-05-01 00:24:22,281 DEBUG S3 Server: PUT Object bkt/f3b864f4e9b7396569996ff4749c60c4
2015-05-01 00:24:22,283 DEBUG S3 Server: PUT Object bkt/f379eaf3c831b04de153469d1bec345e
2015-05-01 00:24:22,295 DEBUG S3 Server: PUT Object bkt/32ae611e9cd03990d2933c89396b3ee2
2015-05-01 00:24:22,297 DEBUG S3 Server: PUT Object bkt/c4ca4238a0b923820dcc509a6f75849b
2015-05-01 00:24:22,308 DEBUG S3 Server: PUT Object bkt/ca7161a502db8be8089d16a8b2280970
2015-05-01 00:24:22,309 DEBUG S3 Server: PUT Object bkt/310dcbbf4cce62f762a2aaa148d556bd
2015-05-01 00:24:22,325 DEBUG S3 Server: PUT Object bkt/eaf051ae16fe998613cb7c28a07ddaed
2015-05-01 00:24:22,327 DEBUG S3 Server: PUT Object bkt/b6d767d2f8ed5d21a44b0e5886680cb9
2015-05-01 00:24:22,341 DEBUG S3 Server: PUT Object bkt/7a0c68763de6df9e6026b1056dc0cd61
2015-05-01 00:24:22,342 DEBUG S3 Server: PUT Object bkt/dbc4d84bfcfe2284ba11beffb853a8c4
2015-05-01 00:27:17,392 DEBUG S3 Server: CREATE Bucket bkt
2015-05-01 00:27:17,394 DEBUG S3 Server: CREATE Bucket snapshot
2015-05-01 00:28:29,377 DEBUG S3 Server: PUT Object bkt/8ff28e0c7e6799d075d37b512b50e649
2015-05-01 00:28:29,381 DEBUG S3 Server: PUT Object bkt/c5fe25896e49ddfe996db7508cf00534
2015-05-01 00:28:45,448 DEBUG S3 Server: PUT Object bkt/aa7a7e11e72e815f25c05bf45c9a4567
2015-05-01 00:28:45,449 DEBUG S3 Server: PUT Object bkt/8ddcff3a80f4189ca1c9d4d902c3c909
2015-05-01 00:28:47,827 DEBUG S3 Server: PUT Object bkt/7a62c66217643d5d16195f10ec91af62
2015-05-01 00:28:47,829 DEBUG S3 Server: PUT Object bkt/dc0fa7df3d07904a09288bd2d2bb5f40
2015-05-01 00:28:48,746 DEBUG S3 Server: PUT Object bkt/f3b864f4e9b7396569996ff4749c60c4
2015-05-01 00:28:48,747 DEBUG S3 Server: PUT Object bkt/f379eaf3c831b04de153469d1bec345e
2015-05-01 00:28:50,535 DEBUG S3 Server: PUT Object bkt/32ae611e9cd03990d2933c89396b3ee2
2015-05-01 00:28:50,537 DEBUG S3 Server: PUT Object bkt/c4ca4238a0b923820dcc509a6f75849b
2015-05-01 00:28:51,503 DEBUG S3 Server: PUT Object bkt/ca7161a502db8be8089d16a8b2280970
2015-05-01 00:28:51,505 DEBUG S3 Server: PUT Object bkt/310dcbbf4cce62f762a2aaa148d556bd
2015-05-01 00:28:52,170 DEBUG S3 Server: PUT Object bkt/eaf051ae16fe998613cb7c28a07ddaed
2015-05-01 00:28:52,173 DEBUG S3 Server: PUT Object bkt/b6d767d2f8ed5d21a44b0e5886680cb9
2015-05-01 00:28:53,683 DEBUG S3 Server: PUT Object bkt/7a0c68763de6df9e6026b1056dc0cd61
2015-05-01 00:28:53,684 DEBUG S3 Server: PUT Object bkt/dbc4d84bfcfe2284ba11beffb853a8c4
2015-05-01 00:31:09,567 DEBUG S3 Server: DELETE Object bkt/ca7161a502db8be8089d16a8b2280970
2015-05-01 00:31:09,569 DEBUG S3 Server: DELETE Object bkt/310dcbbf4cce62f762a2aaa148d556bd
2015-05-01 15:07:17,393 DEBUG S3 Server: CREATE Bucket bkt
2015-05-01 15:07:17,394 DEBUG S3 Server: CREATE Bucket snapshot
2015-05-01 16:40:45,396 DEBUG S3 Server: CREATE Bucket bkt
2015-05-01 16:40:45,398 DEBUG S3 Server: CREATE Bucket snapshot
2015-05-01 16:41:01,618 DEBUG S3 Server: PUT Object bkt/7a0c68763de6df9e6026b1056dc0cd61
2015-05-01 16:41:01,621 DEBUG S3 Server: PUT Object bkt/45a62d3d5d3e946250904697486591bc
2015-05-01 16:44:44,096 DEBUG S3 Server: CREATE Bucket bkt
2015-05-01 16:44:44,099 DEBUG S3 Server: CREATE Bucket snapshot
2015-05-01 16:45:00,864 DEBUG S3 Server: PUT Object bkt/7a0c68763de6df9e6026b1056dc0cd61
2015-05-01 16:45:00,867 DEBUG S3 Server: PUT Object bkt/45a62d3d5d3e946250904697486591bc
2015-05-06 16:39:43,721 DEBUG S3 Server: CREATE Bucket bkt
2015-05-06 16:39:43,725 DEBUG S3 Server: CREATE Bucket snapshot
2015-05-06 16:40:00,591 DEBUG S3 Server: PUT Object bkt/8ff28e0c7e6799d075d37b512b50e649
2015-05-06 16:40:00,593 DEBUG S3 Server: PUT Object bkt/c5fe25896e49ddfe996db7508cf00534
2015-05-06 16:40:00,611 DEBUG S3 Server: PUT Object bkt/aa7a7e11e72e815f25c05bf45c9a4567
2015-05-06 16:40:00,612 DEBUG S3 Server: PUT Object bkt/8ddcff3a80f4189ca1c9d4d902c3c909
2015-05-06 16:40:00,623 DEBUG S3 Server: PUT Object bkt/7a62c66217643d5d16195f10ec91af62
2015-05-06 16:40:00,625 DEBUG S3 Server: PUT Object bkt/dc0fa7df3d07904a09288bd2d2bb5f40
2015-05-06 16:40:00,641 DEBUG S3 Server: PUT Object bkt/f3b864f4e9b7396569996ff4749c60c4
2015-05-06 16:40:00,644 DEBUG S3 Server: PUT Object bkt/f379eaf3c831b04de153469d1bec345e
2015-05-06 16:40:01,590 DEBUG S3 Server: PUT Object bkt/32ae611e9cd03990d2933c89396b3ee2
2015-05-06 16:40:01,592 DEBUG S3 Server: PUT Object bkt/b026324c6904b2a9cb4b88d6d61c81d1
2015-05-06 16:40:01,725 DEBUG S3 Server: PUT Object bkt/d83c0998b099514486877584afd8baa9
2015-05-06 16:40:01,727 DEBUG S3 Server: PUT Object bkt/c16072c86cf7292ff7817fb3c4e4f849
2015-05-06 16:40:01,730 DEBUG S3 Server: PUT Object bkt/66c6c7da40590ea5cd2b73726eb033a6
2015-05-06 16:40:01,733 DEBUG S3 Server: PUT Object bkt/d04d5320c232707ec0d1ada81eb532dd
2015-05-06 16:40:01,735 DEBUG S3 Server: PUT Object bkt/050a1a59addcd1285998bd084ea2f461
2015-05-06 16:40:01,736 DEBUG S3 Server: PUT Object bkt/a19cf0bf04b81e61f824f48983cf6a52
2015-05-06 16:40:01,738 DEBUG S3 Server: PUT Object bkt/f34090378c49e8fd56513523cc832538
2015-05-06 16:40:01,739 DEBUG S3 Server: PUT Object bkt/ec81df1e636a1a186a5649adb3d4c62c
2015-05-06 16:40:01,741 DEBUG S3 Server: PUT Object bkt/be5c5599c17b58a1524ac4b9c21a6e5b
2015-05-06 16:40:01,743 DEBUG S3 Server: PUT Object bkt/f02e89c0f65ae2716585ea063c39cd17
2015-05-06 16:40:01,744 DEBUG S3 Server: PUT Object bkt/b07ee61d0515bcee613a182ce1595699
2015-05-06 16:40:01,745 DEBUG S3 Server: PUT Object bkt/a12da04c496ca600c99824be3609c761
2015-05-06 16:40:01,746 DEBUG S3 Server: PUT Object bkt/c070c4a48480967c770e2932489fb819
2015-05-06 16:40:01,747 DEBUG S3 Server: PUT Object bkt/a39a3623da32c93097e0cf6d1bf6f55e
2015-05-06 16:40:01,749 DEBUG S3 Server: PUT Object bkt/2d9b986a389108733577cd7121a84d34
2015-05-06 16:40:01,751 DEBUG S3 Server: PUT Object bkt/3cd11c3f3fabcb32bb7edee40d4eb10b
2015-05-06 16:40:01,753 DEBUG S3 Server: PUT Object bkt/26dfe5a25265c10c19f9db510fa3bbf8
2015-05-06 16:40:01,755 DEBUG S3 Server: PUT Object bkt/33663c79fbf3d70786ece1868714bb8e
2015-05-06 16:40:01,756 DEBUG S3 Server: PUT Object bkt/dd7c77669e52e1252441514b2466b4ae
2015-05-06 16:40:01,757 DEBUG S3 Server: PUT Object bkt/1c931b9fde7eae6d5155c83ce4ba6fa0
2015-05-06 16:40:01,758 DEBUG S3 Server: PUT Object bkt/8ba9d37c764e7f8c168fc54617eabe6c
2015-05-06 16:40:01,760 DEBUG S3 Server: PUT Object bkt/bfa30986fd9ce90a746e2099b5ed2688
2015-05-06 16:40:01,761 DEBUG S3 Server: PUT Object bkt/0f48e1e64bec874b92838ab5c902eee7
2015-05-06 16:40:01,762 DEBUG S3 Server: PUT Object bkt/5d651e9a65a2d8a9dd0fea99e149ecc3
2015-05-06 16:40:01,763 DEBUG S3 Server: PUT Object bkt/b82217080daa77c18ffd8b4a242eb8b5
2015-05-06 16:40:01,764 DEBUG S3 Server: PUT Object bkt/e6c279f77b7e0268371519bef465e58c
2015-05-06 16:40:01,767 DEBUG S3 Server: PUT Object bkt/8b987e107b901b0fac5fbbba88e1938d
2015-05-06 16:40:01,769 DEBUG S3 Server: PUT Object bkt/8fe682b222434bbeb6fc9e85110f200f
2015-05-06 16:40:01,770 DEBUG S3 Server: PUT Object bkt/df653d4eba2158f18b2ac4dc4646bbe0
2015-05-06 16:40:01,771 DEBUG S3 Server: PUT Object bkt/951212308a4b25378ee37cb1e1b354bc
2015-05-06 16:40:01,773 DEBUG S3 Server: PUT Object bkt/49a259f86e676494ec792cacfdbc10f1
2015-05-06 16:40:01,774 DEBUG S3 Server: PUT Object bkt/89304a938c1828b46f96cb4e0235a89b
2015-05-06 16:40:01,775 DEBUG S3 Server: PUT Object bkt/b846c9f4a69b8a39eb65357101c1f44e
2015-05-06 16:40:01,777 DEBUG S3 Server: PUT Object bkt/1b8198be989a2481353cb1691619f81e
2015-05-06 16:40:01,778 DEBUG S3 Server: PUT Object bkt/6f1721553c0476652b93a7c97c60892c
2015-05-06 16:40:01,779 DEBUG S3 Server: PUT Object bkt/a85937447428096e2dfeab95609c5274
2015-05-06 16:40:01,781 DEBUG S3 Server: PUT Object bkt/934b266bf99d87c504d92805536d2fca
2015-05-06 16:40:01,782 DEBUG S3 Server: PUT Object bkt/83da303b73395ca9b30202b98858ec1e
2015-05-06 16:40:01,784 DEBUG S3 Server: PUT Object bkt/61472c2921f0b8217aa5f74dec9b50cc
2015-05-06 16:40:01,785 DEBUG S3 Server: PUT Object bkt/37f759628521946660cf83919a05b759
2015-05-06 16:40:01,786 DEBUG S3 Server: PUT Object bkt/9b8fb8b529d4aed8e254f4e7cec5b9d7
2015-05-06 16:40:01,788 DEBUG S3 Server: PUT Object bkt/09d1f3b37b118ab32cc1e0f9f4df065d
2015-05-06 16:40:01,790 DEBUG S3 Server: PUT Object bkt/c3e3ffabf2b3f9cc20e2c57daae68dad
2015-05-06 16:40:01,791 DEBUG S3 Server: PUT Object bkt/a1a3fd95638fc4c6ecbe98dfa5881df9
2015-05-06 16:40:01,792 DEBUG S3 Server: PUT Object bkt/58a247cbdfd22faa0dba7484ae9ed108
2015-05-06 16:40:01,794 DEBUG S3 Server: PUT Object bkt/e25953d59bb2ea993b345feef440e83f
2015-05-06 16:40:01,795 DEBUG S3 Server: PUT Object bkt/cb163e5c021214cf790474257220826a
2015-05-06 16:40:01,796 DEBUG S3 Server: PUT Object bkt/6933cb422d1e0c18801d42c5fddef400
2015-05-06 16:40:01,797 DEBUG S3 Server: PUT Object bkt/a8772f85d1f3b95c186463d77715b87c
2015-05-06 16:40:01,798 DEBUG S3 Server: PUT Object bkt/5742a2e29e31ffe9181abd16d8970488
2015-05-06 16:40:01,800 DEBUG S3 Server: PUT Object bkt/ded9243f0a39379f0373d9e3804b5374
2015-05-06 16:40:01,801 DEBUG S3 Server: PUT Object bkt/94a9197664ac50854a91a417eb55b391
2015-05-06 16:40:01,802 DEBUG S3 Server: PUT Object bkt/60217a3619889a70d3a17fc447b3632e
2015-05-06 16:40:01,804 DEBUG S3 Server: PUT Object bkt/7529aa66e72fe8c0cc9034a6e3761430
2015-05-06 16:40:01,806 DEBUG S3 Server: PUT Object bkt/68f1f4b6169bd0b699e88bd38af45fe8
2015-05-06 16:40:01,807 DEBUG S3 Server: PUT Object bkt/84c9504905354ba2d1e5ba36c0133f74
2015-05-06 16:40:01,809 DEBUG S3 Server: PUT Object bkt/1a1d83315b1295c88f2946f298b4e52f
2015-05-06 16:40:01,810 DEBUG S3 Server: PUT Object bkt/0835eee98a727827fb5cfa33fdc96893
2015-05-06 16:40:01,811 DEBUG S3 Server: PUT Object bkt/e21c1dd47b2076c04dfe31520a443e9e
2015-05-06 16:40:01,813 DEBUG S3 Server: PUT Object bkt/6dfc406b03b1ce370964d58f6cc82578
2015-05-06 16:40:01,814 DEBUG S3 Server: PUT Object bkt/489d10e3816a720ebd61169ddacfd386
2015-05-06 16:40:01,815 DEBUG S3 Server: PUT Object bkt/a48060b066594d5d93b508b2e89dc72f
2015-05-06 16:40:01,817 DEBUG S3 Server: PUT Object bkt/44bd948d6e0c21e9f8d8258dde90c88e
2015-05-06 16:40:01,819 DEBUG S3 Server: PUT Object bkt/8e4528b07bf8a909121bee604c470d28
2015-05-06 16:40:01,821 DEBUG S3 Server: PUT Object bkt/4ab247e212fd0d74a2b18eaa6ffed5a7
2015-05-06 16:40:01,822 DEBUG S3 Server: PUT Object bkt/cba2e29bf6806f0f55132d5bfe98c9a1
2015-05-06 16:40:01,824 DEBUG S3 Server: PUT Object bkt/19379daa8705c8df0b9c2fd4f5aeb6b2
2015-05-06 16:40:01,825 DEBUG S3 Server: PUT Object bkt/0747dff60dabc48604159d0599bcd679
2015-05-06 16:40:01,827 DEBUG S3 Server: PUT Object bkt/1b4fe10a4da6f59e4120b7455da29398
2015-05-06 16:40:01,828 DEBUG S3 Server: PUT Object bkt/286fae5359992902aea6f378a2b628a4
2015-05-06 16:40:01,829 DEBUG S3 Server: PUT Object bkt/194498faf5374ead958be44e6c027574
2015-05-06 16:40:01,831 DEBUG S3 Server: PUT Object bkt/103180cc53f0894a0c8f41e8e97839dd
2015-05-06 16:40:01,833 DEBUG S3 Server: PUT Object bkt/fdae5b0d594a552696ab48f3dd33a6d6
2015-05-06 16:40:01,835 DEBUG S3 Server: PUT Object bkt/0889f93b1cc7a48d9d824904daa90d89
2015-05-06 16:40:01,836 DEBUG S3 Server: PUT Object bkt/3c13a3414d014a90632c066bd319782c
2015-05-06 16:40:01,837 DEBUG S3 Server: PUT Object bkt/49660220b562acd6e3b37358a1a1c8c2
2015-05-06 16:40:01,839 DEBUG S3 Server: PUT Object bkt/39fc3e2f15a41421cb2130efa1ac1b4d
2015-05-06 16:40:01,841 DEBUG S3 Server: PUT Object bkt/3909a9dacaef890a90479c043ac410d1
2015-05-06 16:40:01,842 DEBUG S3 Server: PUT Object bkt/7b14a6069404a17df60bb085f035d0d1
2015-05-06 16:40:01,843 DEBUG S3 Server: PUT Object bkt/4cf4df84892de8955149efe77a40d27b
2015-05-06 16:40:01,845 DEBUG S3 Server: PUT Object bkt/bed2fc03cf22a13140d5343f7a7a7e9d
2015-05-06 16:40:01,846 DEBUG S3 Server: PUT Object bkt/f2ba3e38e0b213cf6ccd5ac218a044ae
2015-05-06 16:40:01,847 DEBUG S3 Server: PUT Object bkt/af0c57c9d779cb13460750e69ef358b0
2015-05-06 16:40:01,848 DEBUG S3 Server: PUT Object bkt/24132e605f5807aa989b1cbca7503d51
2015-05-06 16:40:01,850 DEBUG S3 Server: PUT Object bkt/1ed66d4f10369794375fad664f63c43f
2015-05-06 16:40:01,852 DEBUG S3 Server: PUT Object bkt/995a52e2e60c9cfe04a5fcb3fdb28e50
2015-05-06 16:40:01,853 DEBUG S3 Server: PUT Object bkt/e3e811ead5f97d796877b140b4d894d6
2015-05-06 16:40:01,855 DEBUG S3 Server: PUT Object bkt/12074bb14e72ce7e67aa64515f20a0c2
2015-05-06 16:40:01,857 DEBUG S3 Server: PUT Object bkt/1cb4a20234de12d53a7a0c44e6ef4611
2015-05-06 16:40:01,858 DEBUG S3 Server: PUT Object bkt/938dffe58b9b4d18ab7f048bc477a834
2015-05-06 16:40:01,859 DEBUG S3 Server: PUT Object bkt/9b0472d7da77c10d72a8f8c267cfd316
2015-05-06 16:40:01,861 DEBUG S3 Server: PUT Object bkt/fc04d7dc375a9e89ceb7be8bce11f9f0
2015-05-06 16:40:01,862 DEBUG S3 Server: PUT Object bkt/fa20242e2cde44ba64af1ef83f35e8b8
2015-05-06 16:40:01,863 DEBUG S3 Server: PUT Object bkt/b2b49cc65df55e2985e61714ca861f1f
2015-05-06 16:40:01,865 DEBUG S3 Server: PUT Object bkt/21fd6b3cabd6c187519af6ca394196b9
2015-05-06 16:40:02,128 DEBUG S3 Server: PUT Object bkt/1beb276961c334f6ff198583f43b996e
2015-05-06 16:40:02,130 DEBUG S3 Server: PUT Object bkt/2b0aeff0649dab048252267e0e23cc61
2015-05-06 16:40:02,133 DEBUG S3 Server: PUT Object bkt/c330fe73984bf49df1f9c28ccf6806f6
2015-05-06 16:40:02,134 DEBUG S3 Server: PUT Object bkt/f05ad9f45356e6ea3573b8c59fd7faa5
2015-05-06 16:40:02,136 DEBUG S3 Server: PUT Object bkt/7d3bc375c548a2df87369480d513ef44
2015-05-06 16:40:02,137 DEBUG S3 Server: PUT Object bkt/fef737eb2258a42ad9eb43778e844622
2015-05-06 16:40:02,140 DEBUG S3 Server: PUT Object bkt/3cd512d0c35f26d1e053b8c83ea24637
2015-05-06 16:40:02,141 DEBUG S3 Server: PUT Object bkt/4d226a6f995c322b5d63393e927fabcb
2015-05-06 16:40:02,144 DEBUG S3 Server: PUT Object bkt/833444a9a4403f18afe399db0c277775
2015-05-06 16:40:02,146 DEBUG S3 Server: PUT Object bkt/28faba833a647d65c04bfa1aa19d7174
2015-05-06 16:40:02,147 DEBUG S3 Server: PUT Object bkt/8a1e3f86a00016e05633a5cb416593b6
2015-05-06 16:40:02,149 DEBUG S3 Server: PUT Object bkt/6cbf362ac90d4264c122466a0e02d7f4
2015-05-06 16:40:02,152 DEBUG S3 Server: PUT Object bkt/0a55a9452f390d493a5ac6ab6b267b62
2015-05-06 16:40:02,154 DEBUG S3 Server: PUT Object bkt/c61c6efa6c8287cb94a7b908b0167806
2015-05-06 16:40:02,156 DEBUG S3 Server: PUT Object bkt/8280f844f0d097d38a8a3f2c2033f3d2
2015-05-06 16:40:02,158 DEBUG S3 Server: PUT Object bkt/b010211b12d5427e0b7e786a55138b14
2015-05-06 16:40:02,159 DEBUG S3 Server: PUT Object bkt/8e44c2c3251dd24a788e6a22c9de121f
2015-05-06 16:40:02,161 DEBUG S3 Server: PUT Object bkt/66d3cce4098a7d77a09033411f4d6750
2015-05-06 16:40:02,163 DEBUG S3 Server: PUT Object bkt/3c01fe53c9ce5f72335a32f3c6448ed1
2015-05-06 16:40:02,165 DEBUG S3 Server: PUT Object bkt/0314dc8983a326dbd6a9275700e3f7ea
2015-05-06 16:40:02,166 DEBUG S3 Server: PUT Object bkt/a61cd9cccf0ba0c4a49295774b47944b
2015-05-06 16:40:02,168 DEBUG S3 Server: PUT Object bkt/d330636ec5798b463a38e02c59f35990
2015-05-06 16:40:02,169 DEBUG S3 Server: PUT Object bkt/873240475998741abed6b71d0333eb5c
2015-05-06 16:40:02,171 DEBUG S3 Server: PUT Object bkt/87e43848033224c9e4d7e0edb3d10ec2
2015-05-06 16:40:02,173 DEBUG S3 Server: PUT Object bkt/a2bc96be4e966ee390551833acacc6b6
2015-05-06 16:40:02,174 DEBUG S3 Server: PUT Object bkt/1af490dc5118a7382adcbb30ea1ff4c0
2015-05-06 16:40:02,176 DEBUG S3 Server: PUT Object bkt/ead72d042226ab44e6ec29d6592e7d71
2015-05-06 16:40:02,177 DEBUG S3 Server: PUT Object bkt/c4e25ff641f532b044e98bdda3c79104
2015-05-06 16:40:02,179 DEBUG S3 Server: PUT Object bkt/d47331696b2c2d1d988a3b2ef5323116
2015-05-06 16:40:02,181 DEBUG S3 Server: PUT Object bkt/37d8219ca5cc5fb970cfcc2d75926cb2
2015-05-06 16:40:02,182 DEBUG S3 Server: PUT Object bkt/9f04ba2d5ebe4727613788630fe35082
2015-05-06 16:40:02,184 DEBUG S3 Server: PUT Object bkt/17e9a6fbc4d1fa1fdfa9665e566082fe
2015-05-06 16:40:02,187 DEBUG S3 Server: PUT Object bkt/4500b5e2c040c4797a3b83f68333d625
2015-05-06 16:40:02,188 DEBUG S3 Server: PUT Object bkt/4b9c362fb7eab4effd48b2f48f9ed2f2
2015-05-06 16:40:02,189 DEBUG S3 Server: PUT Object bkt/de2a8f8ce6cae50f6d9db7c4fda7279e
2015-05-06 16:40:02,191 DEBUG S3 Server: PUT Object bkt/cb5b5e504329490298312a04be7d10f6
2015-05-06 16:40:02,192 DEBUG S3 Server: PUT Object bkt/3017e33ffcd04f193f6899ee0f953945
2015-05-06 16:40:02,194 DEBUG S3 Server: PUT Object bkt/33f463ee7766abb85ce0350075ab983c
2015-05-06 16:40:02,196 DEBUG S3 Server: PUT Object bkt/1f83515f3b7cff872b078750deb6d6c5
2015-05-06 16:40:02,198 DEBUG S3 Server: PUT Object bkt/078f9768edcc631e1bc4e4551a87ddf9
2015-05-06 16:40:02,199 DEBUG S3 Server: PUT Object bkt/00e76ff1d04aff19b86e3a07f3699a89
2015-05-06 16:40:02,201 DEBUG S3 Server: PUT Object bkt/828d77b245d2ec01867f8c22457a5982
2015-05-06 16:40:02,203 DEBUG S3 Server: PUT Object bkt/d26d71c8c3bb8a09ceeb7a38b125c476
2015-05-06 16:40:02,203 DEBUG S3 Server: PUT Object bkt/60089d1a773865be62928035e8b7271f
2015-05-06 16:40:02,205 DEBUG S3 Server: PUT Object bkt/b655e77de19cc5eaea42abb56b4ecb75
2015-05-06 16:40:02,206 DEBUG S3 Server: PUT Object bkt/e086676e03ca0072f3a5ba7775c11182
2015-05-06 16:40:02,207 DEBUG S3 Server: PUT Object bkt/294249539c4cca50be5b21f8a3728a1a
2015-05-06 16:40:02,209 DEBUG S3 Server: PUT Object bkt/4ad50f670ffdf5193f73f2ef759b2659
2015-05-06 16:40:02,210 DEBUG S3 Server: PUT Object bkt/73e2c376480004ae177727421cc04700
2015-05-06 16:40:02,211 DEBUG S3 Server: PUT Object bkt/84b2536de4b48a77732f069d8a12f54c
2015-05-06 16:40:02,212 DEBUG S3 Server: PUT Object bkt/e1a73593d4ca7bd2544f8eb34c5b7196
2015-05-06 16:40:02,214 DEBUG S3 Server: PUT Object bkt/3bbfa8e351d3a5036e5902f4c1d22fe2
2015-05-06 16:40:02,216 DEBUG S3 Server: PUT Object bkt/4ca10c88685272c1cbe0c27da6578606
2015-05-06 16:40:02,217 DEBUG S3 Server: PUT Object bkt/c1357a413f21087e3f0bfb86603e4f14
2015-05-06 16:40:02,219 DEBUG S3 Server: PUT Object bkt/37027c7c05439860e23d0ca671f0c842
2015-05-06 16:40:02,220 DEBUG S3 Server: PUT Object bkt/6d7cf087b46cb4a357ba09e9db091111
2015-05-06 16:40:02,222 DEBUG S3 Server: PUT Object bkt/78be9132c99181251465245398c7f137
2015-05-06 16:40:02,223 DEBUG S3 Server: PUT Object bkt/7469a8227294c3b72b2e16cfb7094e15
2015-05-06 16:40:02,225 DEBUG S3 Server: PUT Object bkt/5b7513599470d4d1781d723071b335eb
2015-05-06 16:40:02,226 DEBUG S3 Server: PUT Object bkt/822bf401529133e805beb56dac48c968
2015-05-06 16:40:02,227 DEBUG S3 Server: PUT Object bkt/804dd27044ed25949e4d29d0558a6636
2015-05-06 16:40:02,228 DEBUG S3 Server: PUT Object bkt/65001ab025dc2d20b4b30f3002f151df
2015-05-06 16:40:02,229 DEBUG S3 Server: PUT Object bkt/d96db73f672ab27892fe7afc68873ad5
2015-05-06 16:40:02,230 DEBUG S3 Server: PUT Object bkt/bd85396ad1e7208bea4678e889b625f1
2015-05-06 16:40:02,232 DEBUG S3 Server: PUT Object bkt/0bedc6f4e3f51014a5f858e52fa2d721
2015-05-06 16:40:02,233 DEBUG S3 Server: PUT Object bkt/cf3e4b73ae4cc4ef47d5a8123f19cedc
2015-05-06 16:40:02,235 DEBUG S3 Server: PUT Object bkt/106c3443df1280888d8d8af8afa5aff3
2015-05-06 16:40:02,236 DEBUG S3 Server: PUT Object bkt/6951ba3b8f114ab85e7dd3d88bb31064
2015-05-06 16:40:02,237 DEBUG S3 Server: PUT Object bkt/252b7720134b863ad8443f4b2d78f450
2015-05-06 16:40:02,238 DEBUG S3 Server: PUT Object bkt/da243c9b93c57f768b76826467539d34
2015-05-06 16:40:02,240 DEBUG S3 Server: PUT Object bkt/6055bff93f440e69035a5b593de1062d
2015-05-06 16:40:02,241 DEBUG S3 Server: PUT Object bkt/c3a6b664f83610035dfd0221c51c6506
2015-05-06 16:40:02,242 DEBUG S3 Server: PUT Object bkt/11bb1d4e106cbe637ae2da99d4d312ed
2015-05-06 16:40:02,243 DEBUG S3 Server: PUT Object bkt/368e139ed77e25cb5b6bfcb270fc58d4
2015-05-06 16:40:02,245 DEBUG S3 Server: PUT Object bkt/db693deec8c685ef68aeb57c2a76d6e0
2015-05-06 16:40:02,246 DEBUG S3 Server: PUT Object bkt/800f1a93db5bc32c9c7402133564e3ce
2015-05-06 16:40:02,247 DEBUG S3 Server: PUT Object bkt/1c9009a3822f6d45bea552698acbca1a
2015-05-06 16:40:02,249 DEBUG S3 Server: PUT Object bkt/efd06cf0d64b749723a8bf1721dd5c7e
2015-05-06 16:40:02,251 DEBUG S3 Server: PUT Object bkt/804448e8e48f94b6ea2f4efc4fdfc89c
2015-05-06 16:40:02,252 DEBUG S3 Server: PUT Object bkt/7b60b5522dff1d35fe784d9873c9d83e
2015-05-06 16:40:02,253 DEBUG S3 Server: PUT Object bkt/8d7235f223ab6620318dc2bcb3cf91e7
2015-05-06 16:40:02,255 DEBUG S3 Server: PUT Object bkt/5c51c7c6262f607344cdb7dc985659f1
2015-05-06 16:40:02,256 DEBUG S3 Server: PUT Object bkt/6b09b21ed5401a97c3d4866782a7324b
2015-05-06 16:40:02,257 DEBUG S3 Server: PUT Object bkt/c9ed798ea3ac1bdde02e1ede95edae8d
2015-05-06 16:40:02,259 DEBUG S3 Server: PUT Object bkt/a5ac87c4c6dbbf1d73bc1d028acc20bb
2015-05-06 16:40:02,260 DEBUG S3 Server: PUT Object bkt/29947b5991bc54d9eacd66a4a90f0999
2015-05-06 16:40:02,261 DEBUG S3 Server: PUT Object bkt/b87f5ac7e75a37caca0989f16baf88aa
2015-05-06 16:40:02,262 DEBUG S3 Server: PUT Object bkt/92f7ddefd41438a0a3b722472f38f625
2015-05-06 16:40:02,263 DEBUG S3 Server: PUT Object bkt/1199ac874865acd906b6da6f3f1310f9
2015-05-06 16:40:02,265 DEBUG S3 Server: PUT Object bkt/7262b1a9facf89353537aaacd5924330
2015-05-06 16:40:02,266 DEBUG S3 Server: PUT Object bkt/7fbfa9348a3fbd4cd203eead878836f3
2015-05-06 16:40:02,267 DEBUG S3 Server: PUT Object bkt/5b8b77a8c78129bd7a1ce7e1cf8de69a
2015-05-06 16:40:02,268 DEBUG S3 Server: PUT Object bkt/301b6ee49901706f1d28d7386ab6eec9
2015-05-06 16:40:02,270 DEBUG S3 Server: PUT Object bkt/c704000acec6cc80d736c504e148916c
2015-05-06 16:40:02,271 DEBUG S3 Server: PUT Object bkt/01380a913f35a9ae4f9ba8fba2b9e43a
2015-05-06 16:40:02,273 DEBUG S3 Server: PUT Object bkt/23c2ad00655c3ad9d4d85360ec05a6bb
2015-05-06 16:40:02,274 DEBUG S3 Server: PUT Object bkt/aea9155c3578035fc0e0bd09f1cd8b18
2015-05-06 16:40:02,275 DEBUG S3 Server: PUT Object bkt/de0a8e8fc3a796316edf40e9b1b9068e
2015-05-06 16:40:02,276 DEBUG S3 Server: PUT Object bkt/b2034a159f1df8417b728f7d03df514e
2015-05-06 16:40:02,278 DEBUG S3 Server: PUT Object bkt/2d1f89485c534f856748eef36874be30
2015-05-06 16:40:02,279 DEBUG S3 Server: PUT Object bkt/77ba5598b96e308e9e321bcac7f62298
2015-05-06 16:40:02,280 DEBUG S3 Server: PUT Object bkt/e015cbbba42228ebb5ce0238b4cedc2c
2015-05-06 16:40:02,282 DEBUG S3 Server: PUT Object bkt/54268e5cedb018312bec4ad542174620
2015-05-06 16:40:02,284 DEBUG S3 Server: PUT Object bkt/e2b4aabad7c5fe5c111375e7021787c1
2015-05-06 16:40:02,286 DEBUG S3 Server: PUT Object bkt/795700cff2c71e7d364209faa3945cd9
2015-05-06 16:40:02,288 DEBUG S3 Server: PUT Object bkt/60aeb0a864cb4b279ed12b92791f28c9
2015-05-06 16:40:02,289 DEBUG S3 Server: PUT Object bkt/3c7dc144234b20b538fca181c266c4fd
2015-05-06 16:40:02,292 DEBUG S3 Server: PUT Object bkt/32df86727aea3d2e6247b5f592433da9
2015-05-06 16:40:02,293 DEBUG S3 Server: PUT Object bkt/4c495315e24e077c1a9088b0b987b943
2015-05-06 16:40:02,295 DEBUG S3 Server: PUT Object bkt/c48b1578e88de33ad3a9ca2c376b52cc
2015-05-06 16:40:02,296 DEBUG S3 Server: PUT Object bkt/9dfaf0a08fc7ba8b67dcc8d2a90e1111
2015-05-06 16:40:02,298 DEBUG S3 Server: PUT Object bkt/5333b5b1c982ecfcb6c8be8fc86b289f
2015-05-06 16:40:02,300 DEBUG S3 Server: PUT Object bkt/9d18c4b0ae2c848dbbbcad3b0d5e5716
2015-05-06 16:40:02,301 DEBUG S3 Server: PUT Object bkt/a331275244701869adaa17945f1facae
2015-05-06 16:40:02,303 DEBUG S3 Server: PUT Object bkt/088c4ba387e66ef9b228d3ff13ee565f
2015-05-06 16:40:02,304 DEBUG S3 Server: PUT Object bkt/c4057cac29c5e6c866561a3955b64169
2015-05-06 16:40:02,305 DEBUG S3 Server: PUT Object bkt/9649ca2042c2b443f8116f752394791b
2015-05-06 16:40:02,307 DEBUG S3 Server: PUT Object bkt/ded4caa93d8d428df202ce91e563d9d8
2015-05-06 16:40:02,309 DEBUG S3 Server: PUT Object bkt/2eafea8fd3683abb9c69c75e93680aa0
2015-05-06 16:40:02,310 DEBUG S3 Server: PUT Object bkt/e3639ec5e342e51fe9a5aaa27fe3c8be
2015-05-06 16:40:02,312 DEBUG S3 Server: PUT Object bkt/9f02efb0108f37e6c025bf91b8e9320a
2015-05-06 16:40:02,314 DEBUG S3 Server: PUT Object bkt/d3eca36319e06018affb2b6d45db4ab8
2015-05-06 16:40:02,316 DEBUG S3 Server: PUT Object bkt/cdb44bcdb5fc16ecd46db5f2494df40b
2015-05-06 16:40:02,317 DEBUG S3 Server: PUT Object bkt/0f7d34733a3f3846a25dd764a5b35a3a
2015-05-06 16:40:02,319 DEBUG S3 Server: PUT Object bkt/3d42ac9f645bb8a01dd3fd11d0eca76d
2015-05-06 16:40:02,321 DEBUG S3 Server: PUT Object bkt/1ee8e4e441cb7197dc9e820e8cb76274
2015-05-06 16:40:02,323 DEBUG S3 Server: PUT Object bkt/1fc2d5b6740600bc5601ff6a95c876da
2015-05-06 16:40:02,324 DEBUG S3 Server: PUT Object bkt/cacfc9c15b5b50b6dbcdd88a2cb41b58
2015-05-06 16:40:02,325 DEBUG S3 Server: PUT Object bkt/c2290c9804eb873447bb44cd940a715d
2015-05-06 16:40:02,326 DEBUG S3 Server: PUT Object bkt/e8553068429ccad0f830d13225e6881d
2015-05-06 16:40:02,328 DEBUG S3 Server: PUT Object bkt/be9e8645db4ce8e8ccdda64283db5192
2015-05-06 16:40:02,329 DEBUG S3 Server: PUT Object bkt/f8f57d0709526b1f9207b92ccb7eb381
2015-05-06 16:40:02,330 DEBUG S3 Server: PUT Object bkt/5e959f70390fed8e702f7c0a59717910
2015-05-06 16:40:02,332 DEBUG S3 Server: PUT Object bkt/6aefef27949d6aea5336e90d1990157a
2015-05-06 16:40:02,333 DEBUG S3 Server: PUT Object bkt/5a6491612f26e82449206c7a5afbe347
2015-05-06 16:40:02,336 DEBUG S3 Server: PUT Object bkt/9d83e8749389ed8844b87c9b5aaba58e
2015-05-06 16:40:02,337 DEBUG S3 Server: PUT Object bkt/8ac0cc6adab26fdca2659f226b196cfb
2015-05-06 16:40:02,339 DEBUG S3 Server: PUT Object bkt/e399d7c14f2fe3f5da7a70967a1bd0f8
2015-05-06 16:40:02,341 DEBUG S3 Server: PUT Object bkt/6dafcda1edf381c5ce2e4b2e9bd5eac3
2015-05-06 16:40:02,343 DEBUG S3 Server: PUT Object bkt/613f4300f15c93787011a88a7383f345
2015-05-06 16:40:02,344 DEBUG S3 Server: PUT Object bkt/2d7e2e5bcfbeee7ebc83e81232d82fb5
2015-05-06 16:40:02,346 DEBUG S3 Server: PUT Object bkt/135bffe759825e7a692e3ff3df82f60a
2015-05-06 16:40:02,349 DEBUG S3 Server: PUT Object bkt/fa82e8a610d193cbc9633bdf809c6cc0
2015-05-06 16:40:02,350 DEBUG S3 Server: PUT Object bkt/6f266fbb856f7c1915c68dbca46b40c5
2015-05-06 16:40:02,353 DEBUG S3 Server: PUT Object bkt/1a0379be82826e8774fee803727c8936
2015-05-06 16:40:02,354 DEBUG S3 Server: PUT Object bkt/f84ca1f3804a6bc90f0e2ee00f6734d6
2015-05-06 16:40:02,356 DEBUG S3 Server: PUT Object bkt/9403e70ce6aa9551339633cc58b94429
2015-05-06 16:40:02,358 DEBUG S3 Server: PUT Object bkt/9137ee91ed3ce618c11cf411320d7e6f
2015-05-06 16:40:02,360 DEBUG S3 Server: PUT Object bkt/86678d7da9ac68d523c5819b567888a4
2015-05-06 16:40:02,361 DEBUG S3 Server: PUT Object bkt/e80e27cd24b9dfcbf59b7e31cca93a6c
2015-05-06 16:40:02,363 DEBUG S3 Server: PUT Object bkt/74d39f74fbab6208387caf20580e18bc
2015-05-06 16:40:02,364 DEBUG S3 Server: PUT Object bkt/4205372376fbb034d12b39367b5d3f46
2015-05-06 16:40:02,366 DEBUG S3 Server: PUT Object bkt/1595cf7facc061e9930d27ec3054e840
2015-05-06 16:40:02,368 DEBUG S3 Server: PUT Object bkt/74623eee7306eea0a737ff00d71ef532
2015-05-06 16:40:02,370 DEBUG S3 Server: PUT Object bkt/f384595307c9e36961bd6b27d425c3ed
2015-05-06 16:40:02,372 DEBUG S3 Server: PUT Object bkt/7442e5d34cee856b08003ecafcef57ec
2015-05-06 16:40:02,373 DEBUG S3 Server: PUT Object bkt/8bab8bf82d218b341babb180acd6a06a
2015-05-06 16:40:02,375 DEBUG S3 Server: PUT Object bkt/242355707e6b40a2d44e652c7b8493f7
2015-05-06 16:40:02,376 DEBUG S3 Server: PUT Object bkt/9dad9bb347b8d305404c412f0fc73397
2015-05-06 16:40:02,378 DEBUG S3 Server: PUT Object bkt/f6896b789b5d4f9268dcdc52ce93f42d
2015-05-06 16:40:02,379 DEBUG S3 Server: PUT Object bkt/6983c336fe9c03ab1606bdc4af8b5bbb
2015-05-06 16:40:02,381 DEBUG S3 Server: PUT Object bkt/bf48e073581e26d7274673f77144838a
2015-05-06 16:40:02,383 DEBUG S3 Server: PUT Object bkt/ba850fb316438f52fe327a5e1f51e4b1
2015-05-06 16:40:02,385 DEBUG S3 Server: PUT Object bkt/43cf04222a6166af3b30a0127ec1ac3a
2015-05-06 16:40:02,388 DEBUG S3 Server: PUT Object bkt/01758c5c168e678c4bf69f087aeb1470
2015-05-06 16:40:02,390 DEBUG S3 Server: PUT Object bkt/23c53d094c4b11f5ac795625750e32a2
2015-05-06 16:40:02,391 DEBUG S3 Server: PUT Object bkt/97a1da0b7ab82e1dc2fa73ff91a0779b
2015-05-06 16:40:02,392 DEBUG S3 Server: PUT Object bkt/f5165aad0fcbd8024efdbf64b11ab47b
2015-05-06 16:40:02,393 DEBUG S3 Server: PUT Object bkt/273cd39c38cbcf2ad0cbb7437ff44eb5
2015-05-06 16:40:02,394 DEBUG S3 Server: PUT Object bkt/d4574fe56cfefac2d346eca2bd8cced5
2015-05-06 16:40:02,396 DEBUG S3 Server: PUT Object bkt/36cc2322aec70517ba97c3950c101fdc
2015-05-06 16:40:02,397 DEBUG S3 Server: PUT Object bkt/0618ea523603276e98aca8820ce0bbe6
2015-05-06 16:40:02,399 DEBUG S3 Server: PUT Object bkt/22dd487f726588ea69114369bf3473fb
2015-05-06 16:40:02,401 DEBUG S3 Server: PUT Object bkt/c9f7f72efd68df3d47241d850acdf028
2015-05-06 16:40:02,403 DEBUG S3 Server: PUT Object bkt/9950c2fbf8cda5d1aeab78fe24c1f030
2015-05-06 16:40:02,403 DEBUG S3 Server: PUT Object bkt/2752bd15d26f10b868fa615c58a3c48f
2015-05-06 16:40:02,405 DEBUG S3 Server: PUT Object bkt/81fa6b6e55dea9c17e2654e9b06a6e3e
2015-05-06 16:40:02,408 DEBUG S3 Server: PUT Object bkt/d392948bf409b03e64ae4e6424fd0538
2015-05-06 16:40:02,410 DEBUG S3 Server: PUT Object bkt/e6e4af3af3431486c247003311a93e6a
2015-05-06 16:40:02,412 DEBUG S3 Server: PUT Object bkt/784f249f855b0237f86b09290941acc4
2015-05-06 16:40:02,413 DEBUG S3 Server: PUT Object bkt/1bc5542812aa3e1e01659857262c6252
2015-05-06 16:40:02,415 DEBUG S3 Server: PUT Object bkt/c9d1fc2b8db8f4ec35d98eff1cbf493b
2015-05-06 16:40:02,416 DEBUG S3 Server: PUT Object bkt/e81f7d8e2766054826fe0b41d7c90648
2015-05-06 16:40:02,419 DEBUG S3 Server: PUT Object bkt/2eb036ff0cc5cfcaf61a3151c71ef918
2015-05-06 16:40:02,420 DEBUG S3 Server: PUT Object bkt/a86f5594f620d1eb261981e1502b311d
2015-05-06 16:40:02,422 DEBUG S3 Server: PUT Object bkt/523ae4ea0ce91e874e6fc5b54ff103e8
2015-05-06 16:40:02,424 DEBUG S3 Server: PUT Object bkt/65e00b308295a49ad61da97b6caff3ed
2015-05-06 16:40:02,425 DEBUG S3 Server: PUT Object bkt/59aa40fb8230c9603aca0d79b923a343
2015-05-06 16:40:02,426 DEBUG S3 Server: PUT Object bkt/a4e8b2065c74e3e9c8a2e72e59cdb2be
2015-05-06 16:40:02,427 DEBUG S3 Server: PUT Object bkt/01111724c730f082c43be3897a25fe1d
2015-05-06 16:40:02,429 DEBUG S3 Server: PUT Object bkt/7c4bafed8a08b2e38710330f97483cf7
2015-05-06 16:40:02,430 DEBUG S3 Server: PUT Object bkt/722b4481f0dc32470349c39560984330
2015-05-06 16:40:02,432 DEBUG S3 Server: PUT Object bkt/21e59e0be5c3d72cbde73ff78f11c584
2015-05-06 16:40:02,449 DEBUG S3 Server: PUT Object bkt/c4ca4238a0b923820dcc509a6f75849b
2015-05-06 16:40:02,466 DEBUG S3 Server: PUT Object bkt/ca7161a502db8be8089d16a8b2280970
2015-05-06 16:40:02,468 DEBUG S3 Server: PUT Object bkt/310dcbbf4cce62f762a2aaa148d556bd
2015-05-06 16:40:02,483 DEBUG S3 Server: PUT Object bkt/eaf051ae16fe998613cb7c28a07ddaed
2015-05-06 16:40:02,484 DEBUG S3 Server: PUT Object bkt/b6d767d2f8ed5d21a44b0e5886680cb9
2015-05-06 16:40:02,499 DEBUG S3 Server: PUT Object bkt/7a0c68763de6df9e6026b1056dc0cd61
2015-05-06 16:40:02,500 DEBUG S3 Server: PUT Object bkt/dbc4d84bfcfe2284ba11beffb853a8c4
2015-05-06 16:40:23,862 DEBUG 307 0 1601578 1601578

2015-05-06 16:40:56,204 DEBUG S3 Server: PUT Object snapshot/1430944856
2015-05-06 16:40:56,205 DEBUG S3 Server: PUT Object snapshot/record
2015-05-06 16:40:59,238 DEBUG 309 0 1698871 1698871

2015-05-06 16:42:03,487 DEBUG S3 Server: PUT Object bkt/45a62d3d5d3e946250904697486591bc
2015-05-06 16:42:05,847 DEBUG 310 0 1698875 1698875

2015-05-06 16:42:17,223 DEBUG S3 Server: PUT Object snapshot/1430944937
2015-05-06 16:42:17,226 DEBUG S3 Server: PUT Object snapshot/record
2015-05-06 16:42:21,399 DEBUG 312 0 1798739 1798739

2015-05-06 16:46:48,865 DEBUG S3 Server: GET Object snapshot/1430944856
2015-05-06 16:46:48,869 DEBUG S3 Server: GET Object snapshot/record
2015-05-06 16:46:48,871 DEBUG S3 Server: DELETE Object snapshot/1430944937
2015-05-06 16:46:48,873 DEBUG S3 Server: PUT Object snapshot/record
2015-05-06 16:46:51,935 DEBUG 316 97304 1698912 1798739

2015-05-06 17:00:39,568 DEBUG 316 97304 1698912 1798739

2015-05-06 17:07:00,808 DEBUG S3 Server: CREATE Bucket bkt
2015-05-06 17:07:00,810 DEBUG S3 Server: CREATE Bucket snapshot
2015-05-06 17:07:06,551 DEBUG S3 Server: PUT Object bkt/8ff28e0c7e6799d075d37b512b50e649
2015-05-06 17:07:06,552 DEBUG S3 Server: PUT Object bkt/c5fe25896e49ddfe996db7508cf00534
2015-05-06 17:07:06,562 DEBUG S3 Server: PUT Object bkt/aa7a7e11e72e815f25c05bf45c9a4567
2015-05-06 17:07:06,563 DEBUG S3 Server: PUT Object bkt/8ddcff3a80f4189ca1c9d4d902c3c909
2015-05-06 17:07:06,572 DEBUG S3 Server: PUT Object bkt/7a62c66217643d5d16195f10ec91af62
2015-05-06 17:07:06,573 DEBUG S3 Server: PUT Object bkt/dc0fa7df3d07904a09288bd2d2bb5f40
2015-05-06 17:07:06,583 DEBUG S3 Server: PUT Object bkt/f3b864f4e9b7396569996ff4749c60c4
2015-05-06 17:07:06,584 DEBUG S3 Server: PUT Object bkt/f379eaf3c831b04de153469d1bec345e
2015-05-06 17:07:07,508 DEBUG S3 Server: PUT Object bkt/32ae611e9cd03990d2933c89396b3ee2
2015-05-06 17:07:07,511 DEBUG S3 Server: PUT Object bkt/b026324c6904b2a9cb4b88d6d61c81d1
2015-05-06 17:07:07,646 DEBUG S3 Server: PUT Object bkt/d83c0998b099514486877584afd8baa9
2015-05-06 17:07:07,649 DEBUG S3 Server: PUT Object bkt/c16072c86cf7292ff7817fb3c4e4f849
2015-05-06 17:07:07,651 DEBUG S3 Server: PUT Object bkt/66c6c7da40590ea5cd2b73726eb033a6
2015-05-06 17:07:07,652 DEBUG S3 Server: PUT Object bkt/d04d5320c232707ec0d1ada81eb532dd
2015-05-06 17:07:07,655 DEBUG S3 Server: PUT Object bkt/050a1a59addcd1285998bd084ea2f461
2015-05-06 17:07:07,657 DEBUG S3 Server: PUT Object bkt/a19cf0bf04b81e61f824f48983cf6a52
2015-05-06 17:07:07,658 DEBUG S3 Server: PUT Object bkt/f34090378c49e8fd56513523cc832538
2015-05-06 17:07:07,660 DEBUG S3 Server: PUT Object bkt/ec81df1e636a1a186a5649adb3d4c62c
2015-05-06 17:07:07,661 DEBUG S3 Server: PUT Object bkt/be5c5599c17b58a1524ac4b9c21a6e5b
2015-05-06 17:07:07,663 DEBUG S3 Server: PUT Object bkt/f02e89c0f65ae2716585ea063c39cd17
2015-05-06 17:07:07,664 DEBUG S3 Server: PUT Object bkt/b07ee61d0515bcee613a182ce1595699
2015-05-06 17:07:07,666 DEBUG S3 Server: PUT Object bkt/a12da04c496ca600c99824be3609c761
2015-05-06 17:07:07,667 DEBUG S3 Server: PUT Object bkt/c070c4a48480967c770e2932489fb819
2015-05-06 17:07:07,669 DEBUG S3 Server: PUT Object bkt/a39a3623da32c93097e0cf6d1bf6f55e
2015-05-06 17:07:07,672 DEBUG S3 Server: PUT Object bkt/2d9b986a389108733577cd7121a84d34
2015-05-06 17:07:07,673 DEBUG S3 Server: PUT Object bkt/3cd11c3f3fabcb32bb7edee40d4eb10b
2015-05-06 17:07:07,675 DEBUG S3 Server: PUT Object bkt/26dfe5a25265c10c19f9db510fa3bbf8
2015-05-06 17:07:07,677 DEBUG S3 Server: PUT Object bkt/33663c79fbf3d70786ece1868714bb8e
2015-05-06 17:07:07,678 DEBUG S3 Server: PUT Object bkt/dd7c77669e52e1252441514b2466b4ae
2015-05-06 17:07:07,681 DEBUG S3 Server: PUT Object bkt/1c931b9fde7eae6d5155c83ce4ba6fa0
2015-05-06 17:07:07,682 DEBUG S3 Server: PUT Object bkt/8ba9d37c764e7f8c168fc54617eabe6c
2015-05-06 17:07:07,684 DEBUG S3 Server: PUT Object bkt/bfa30986fd9ce90a746e2099b5ed2688
2015-05-06 17:07:07,686 DEBUG S3 Server: PUT Object bkt/0f48e1e64bec874b92838ab5c902eee7
2015-05-06 17:07:07,687 DEBUG S3 Server: PUT Object bkt/5d651e9a65a2d8a9dd0fea99e149ecc3
2015-05-06 17:07:07,688 DEBUG S3 Server: PUT Object bkt/b82217080daa77c18ffd8b4a242eb8b5
2015-05-06 17:07:07,690 DEBUG S3 Server: PUT Object bkt/e6c279f77b7e0268371519bef465e58c
2015-05-06 17:07:07,691 DEBUG S3 Server: PUT Object bkt/8b987e107b901b0fac5fbbba88e1938d
2015-05-06 17:07:07,692 DEBUG S3 Server: PUT Object bkt/8fe682b222434bbeb6fc9e85110f200f
2015-05-06 17:07:07,693 DEBUG S3 Server: PUT Object bkt/df653d4eba2158f18b2ac4dc4646bbe0
2015-05-06 17:07:07,694 DEBUG S3 Server: PUT Object bkt/951212308a4b25378ee37cb1e1b354bc
2015-05-06 17:07:07,695 DEBUG S3 Server: PUT Object bkt/49a259f86e676494ec792cacfdbc10f1
2015-05-06 17:07:07,697 DEBUG S3 Server: PUT Object bkt/89304a938c1828b46f96cb4e0235a89b
2015-05-06 17:07:07,698 DEBUG S3 Server: PUT Object bkt/b846c9f4a69b8a39eb65357101c1f44e
2015-05-06 17:07:07,700 DEBUG S3 Server: PUT Object bkt/1b8198be989a2481353cb1691619f81e
2015-05-06 17:07:07,703 DEBUG S3 Server: PUT Object bkt/6f1721553c0476652b93a7c97c60892c
2015-05-06 17:07:07,705 DEBUG S3 Server: PUT Object bkt/a85937447428096e2dfeab95609c5274
2015-05-06 17:07:07,707 DEBUG S3 Server: PUT Object bkt/934b266bf99d87c504d92805536d2fca
2015-05-06 17:07:07,709 DEBUG S3 Server: PUT Object bkt/83da303b73395ca9b30202b98858ec1e
2015-05-06 17:07:07,710 DEBUG S3 Server: PUT Object bkt/61472c2921f0b8217aa5f74dec9b50cc
2015-05-06 17:07:07,712 DEBUG S3 Server: PUT Object bkt/37f759628521946660cf83919a05b759
2015-05-06 17:07:07,715 DEBUG S3 Server: PUT Object bkt/9b8fb8b529d4aed8e254f4e7cec5b9d7
2015-05-06 17:07:07,717 DEBUG S3 Server: PUT Object bkt/09d1f3b37b118ab32cc1e0f9f4df065d
2015-05-06 17:07:07,718 DEBUG S3 Server: PUT Object bkt/c3e3ffabf2b3f9cc20e2c57daae68dad
2015-05-06 17:07:07,720 DEBUG S3 Server: PUT Object bkt/a1a3fd95638fc4c6ecbe98dfa5881df9
2015-05-06 17:07:07,721 DEBUG S3 Server: PUT Object bkt/58a247cbdfd22faa0dba7484ae9ed108
2015-05-06 17:07:07,723 DEBUG S3 Server: PUT Object bkt/e25953d59bb2ea993b345feef440e83f
2015-05-06 17:07:07,725 DEBUG S3 Server: PUT Object bkt/cb163e5c021214cf790474257220826a
2015-05-06 17:07:07,726 DEBUG S3 Server: PUT Object bkt/6933cb422d1e0c18801d42c5fddef400
2015-05-06 17:07:07,727 DEBUG S3 Server: PUT Object bkt/a8772f85d1f3b95c186463d77715b87c
2015-05-06 17:07:07,729 DEBUG S3 Server: PUT Object bkt/5742a2e29e31ffe9181abd16d8970488
2015-05-06 17:07:07,731 DEBUG S3 Server: PUT Object bkt/ded9243f0a39379f0373d9e3804b5374
2015-05-06 17:07:07,732 DEBUG S3 Server: PUT Object bkt/94a9197664ac50854a91a417eb55b391
2015-05-06 17:07:07,734 DEBUG S3 Server: PUT Object bkt/60217a3619889a70d3a17fc447b3632e
2015-05-06 17:07:07,737 DEBUG S3 Server: PUT Object bkt/7529aa66e72fe8c0cc9034a6e3761430
2015-05-06 17:07:07,739 DEBUG S3 Server: PUT Object bkt/68f1f4b6169bd0b699e88bd38af45fe8
2015-05-06 17:07:07,740 DEBUG S3 Server: PUT Object bkt/84c9504905354ba2d1e5ba36c0133f74
2015-05-06 17:07:07,742 DEBUG S3 Server: PUT Object bkt/1a1d83315b1295c88f2946f298b4e52f
2015-05-06 17:07:07,743 DEBUG S3 Server: PUT Object bkt/0835eee98a727827fb5cfa33fdc96893
2015-05-06 17:07:07,746 DEBUG S3 Server: PUT Object bkt/e21c1dd47b2076c04dfe31520a443e9e
2015-05-06 17:07:07,747 DEBUG S3 Server: PUT Object bkt/6dfc406b03b1ce370964d58f6cc82578
2015-05-06 17:07:07,748 DEBUG S3 Server: PUT Object bkt/489d10e3816a720ebd61169ddacfd386
2015-05-06 17:07:07,750 DEBUG S3 Server: PUT Object bkt/a48060b066594d5d93b508b2e89dc72f
2015-05-06 17:07:07,752 DEBUG S3 Server: PUT Object bkt/44bd948d6e0c21e9f8d8258dde90c88e
2015-05-06 17:07:07,753 DEBUG S3 Server: PUT Object bkt/8e4528b07bf8a909121bee604c470d28
2015-05-06 17:07:07,755 DEBUG S3 Server: PUT Object bkt/4ab247e212fd0d74a2b18eaa6ffed5a7
2015-05-06 17:07:07,756 DEBUG S3 Server: PUT Object bkt/cba2e29bf6806f0f55132d5bfe98c9a1
2015-05-06 17:07:07,758 DEBUG S3 Server: PUT Object bkt/19379daa8705c8df0b9c2fd4f5aeb6b2
2015-05-06 17:07:07,759 DEBUG S3 Server: PUT Object bkt/0747dff60dabc48604159d0599bcd679
2015-05-06 17:07:07,761 DEBUG S3 Server: PUT Object bkt/1b4fe10a4da6f59e4120b7455da29398
2015-05-06 17:07:07,762 DEBUG S3 Server: PUT Object bkt/286fae5359992902aea6f378a2b628a4
2015-05-06 17:07:07,765 DEBUG S3 Server: PUT Object bkt/194498faf5374ead958be44e6c027574
2015-05-06 17:07:07,766 DEBUG S3 Server: PUT Object bkt/103180cc53f0894a0c8f41e8e97839dd
2015-05-06 17:07:07,767 DEBUG S3 Server: PUT Object bkt/fdae5b0d594a552696ab48f3dd33a6d6
2015-05-06 17:07:07,768 DEBUG S3 Server: PUT Object bkt/0889f93b1cc7a48d9d824904daa90d89
2015-05-06 17:07:07,769 DEBUG S3 Server: PUT Object bkt/3c13a3414d014a90632c066bd319782c
2015-05-06 17:07:07,771 DEBUG S3 Server: PUT Object bkt/49660220b562acd6e3b37358a1a1c8c2
2015-05-06 17:07:07,773 DEBUG S3 Server: PUT Object bkt/39fc3e2f15a41421cb2130efa1ac1b4d
2015-05-06 17:07:07,774 DEBUG S3 Server: PUT Object bkt/3909a9dacaef890a90479c043ac410d1
2015-05-06 17:07:07,775 DEBUG S3 Server: PUT Object bkt/7b14a6069404a17df60bb085f035d0d1
2015-05-06 17:07:07,777 DEBUG S3 Server: PUT Object bkt/4cf4df84892de8955149efe77a40d27b
2015-05-06 17:07:07,779 DEBUG S3 Server: PUT Object bkt/bed2fc03cf22a13140d5343f7a7a7e9d
2015-05-06 17:07:07,780 DEBUG S3 Server: PUT Object bkt/f2ba3e38e0b213cf6ccd5ac218a044ae
2015-05-06 17:07:07,782 DEBUG S3 Server: PUT Object bkt/af0c57c9d779cb13460750e69ef358b0
2015-05-06 17:07:07,783 DEBUG S3 Server: PUT Object bkt/24132e605f5807aa989b1cbca7503d51
2015-05-06 17:07:07,786 DEBUG S3 Server: PUT Object bkt/1ed66d4f10369794375fad664f63c43f
2015-05-06 17:07:07,788 DEBUG S3 Server: PUT Object bkt/995a52e2e60c9cfe04a5fcb3fdb28e50
2015-05-06 17:07:07,790 DEBUG S3 Server: PUT Object bkt/e3e811ead5f97d796877b140b4d894d6
2015-05-06 17:07:07,791 DEBUG S3 Server: PUT Object bkt/12074bb14e72ce7e67aa64515f20a0c2
2015-05-06 17:07:07,793 DEBUG S3 Server: PUT Object bkt/1cb4a20234de12d53a7a0c44e6ef4611
2015-05-06 17:07:07,794 DEBUG S3 Server: PUT Object bkt/938dffe58b9b4d18ab7f048bc477a834
2015-05-06 17:07:07,796 DEBUG S3 Server: PUT Object bkt/9b0472d7da77c10d72a8f8c267cfd316
2015-05-06 17:07:07,797 DEBUG S3 Server: PUT Object bkt/fc04d7dc375a9e89ceb7be8bce11f9f0
2015-05-06 17:07:07,798 DEBUG S3 Server: PUT Object bkt/fa20242e2cde44ba64af1ef83f35e8b8
2015-05-06 17:07:07,799 DEBUG S3 Server: PUT Object bkt/b2b49cc65df55e2985e61714ca861f1f
2015-05-06 17:07:07,801 DEBUG S3 Server: PUT Object bkt/21fd6b3cabd6c187519af6ca394196b9
2015-05-06 17:07:08,075 DEBUG S3 Server: PUT Object bkt/1beb276961c334f6ff198583f43b996e
2015-05-06 17:07:08,077 DEBUG S3 Server: PUT Object bkt/2b0aeff0649dab048252267e0e23cc61
2015-05-06 17:07:08,080 DEBUG S3 Server: PUT Object bkt/c330fe73984bf49df1f9c28ccf6806f6
2015-05-06 17:07:08,082 DEBUG S3 Server: PUT Object bkt/f05ad9f45356e6ea3573b8c59fd7faa5
2015-05-06 17:07:08,084 DEBUG S3 Server: PUT Object bkt/7d3bc375c548a2df87369480d513ef44
2015-05-06 17:07:08,085 DEBUG S3 Server: PUT Object bkt/fef737eb2258a42ad9eb43778e844622
2015-05-06 17:07:08,087 DEBUG S3 Server: PUT Object bkt/3cd512d0c35f26d1e053b8c83ea24637
2015-05-06 17:07:08,088 DEBUG S3 Server: PUT Object bkt/4d226a6f995c322b5d63393e927fabcb
2015-05-06 17:07:08,090 DEBUG S3 Server: PUT Object bkt/833444a9a4403f18afe399db0c277775
2015-05-06 17:07:08,092 DEBUG S3 Server: PUT Object bkt/28faba833a647d65c04bfa1aa19d7174
2015-05-06 17:07:08,094 DEBUG S3 Server: PUT Object bkt/8a1e3f86a00016e05633a5cb416593b6
2015-05-06 17:07:08,096 DEBUG S3 Server: PUT Object bkt/6cbf362ac90d4264c122466a0e02d7f4
2015-05-06 17:07:08,098 DEBUG S3 Server: PUT Object bkt/0a55a9452f390d493a5ac6ab6b267b62
2015-05-06 17:07:08,100 DEBUG S3 Server: PUT Object bkt/c61c6efa6c8287cb94a7b908b0167806
2015-05-06 17:07:08,102 DEBUG S3 Server: PUT Object bkt/8280f844f0d097d38a8a3f2c2033f3d2
2015-05-06 17:07:08,104 DEBUG S3 Server: PUT Object bkt/b010211b12d5427e0b7e786a55138b14
2015-05-06 17:07:08,105 DEBUG S3 Server: PUT Object bkt/8e44c2c3251dd24a788e6a22c9de121f
2015-05-06 17:07:08,107 DEBUG S3 Server: PUT Object bkt/66d3cce4098a7d77a09033411f4d6750
2015-05-06 17:07:08,108 DEBUG S3 Server: PUT Object bkt/3c01fe53c9ce5f72335a32f3c6448ed1
2015-05-06 17:07:08,110 DEBUG S3 Server: PUT Object bkt/0314dc8983a326dbd6a9275700e3f7ea
2015-05-06 17:07:08,111 DEBUG S3 Server: PUT Object bkt/a61cd9cccf0ba0c4a49295774b47944b
2015-05-06 17:07:08,113 DEBUG S3 Server: PUT Object bkt/d330636ec5798b463a38e02c59f35990
2015-05-06 17:07:08,114 DEBUG S3 Server: PUT Object bkt/873240475998741abed6b71d0333eb5c
2015-05-06 17:07:08,115 DEBUG S3 Server: PUT Object bkt/87e43848033224c9e4d7e0edb3d10ec2
2015-05-06 17:07:08,116 DEBUG S3 Server: PUT Object bkt/a2bc96be4e966ee390551833acacc6b6
2015-05-06 17:07:08,117 DEBUG S3 Server: PUT Object bkt/1af490dc5118a7382adcbb30ea1ff4c0
2015-05-06 17:07:08,119 DEBUG S3 Server: PUT Object bkt/ead72d042226ab44e6ec29d6592e7d71
2015-05-06 17:07:08,121 DEBUG S3 Server: PUT Object bkt/c4e25ff641f532b044e98bdda3c79104
2015-05-06 17:07:08,122 DEBUG S3 Server: PUT Object bkt/d47331696b2c2d1d988a3b2ef5323116
2015-05-06 17:07:08,123 DEBUG S3 Server: PUT Object bkt/37d8219ca5cc5fb970cfcc2d75926cb2
2015-05-06 17:07:08,125 DEBUG S3 Server: PUT Object bkt/9f04ba2d5ebe4727613788630fe35082
2015-05-06 17:07:08,126 DEBUG S3 Server: PUT Object bkt/17e9a6fbc4d1fa1fdfa9665e566082fe
2015-05-06 17:07:08,127 DEBUG S3 Server: PUT Object bkt/4500b5e2c040c4797a3b83f68333d625
2015-05-06 17:07:08,128 DEBUG S3 Server: PUT Object bkt/4b9c362fb7eab4effd48b2f48f9ed2f2
2015-05-06 17:07:08,130 DEBUG S3 Server: PUT Object bkt/de2a8f8ce6cae50f6d9db7c4fda7279e
2015-05-06 17:07:08,131 DEBUG S3 Server: PUT Object bkt/cb5b5e504329490298312a04be7d10f6
2015-05-06 17:07:08,132 DEBUG S3 Server: PUT Object bkt/3017e33ffcd04f193f6899ee0f953945
2015-05-06 17:07:08,134 DEBUG S3 Server: PUT Object bkt/33f463ee7766abb85ce0350075ab983c
2015-05-06 17:07:08,136 DEBUG S3 Server: PUT Object bkt/1f83515f3b7cff872b078750deb6d6c5
2015-05-06 17:07:08,137 DEBUG S3 Server: PUT Object bkt/078f9768edcc631e1bc4e4551a87ddf9
2015-05-06 17:07:08,138 DEBUG S3 Server: PUT Object bkt/00e76ff1d04aff19b86e3a07f3699a89
2015-05-06 17:07:08,140 DEBUG S3 Server: PUT Object bkt/828d77b245d2ec01867f8c22457a5982
2015-05-06 17:07:08,141 DEBUG S3 Server: PUT Object bkt/d26d71c8c3bb8a09ceeb7a38b125c476
2015-05-06 17:07:08,143 DEBUG S3 Server: PUT Object bkt/60089d1a773865be62928035e8b7271f
2015-05-06 17:07:08,145 DEBUG S3 Server: PUT Object bkt/b655e77de19cc5eaea42abb56b4ecb75
2015-05-06 17:07:08,146 DEBUG S3 Server: PUT Object bkt/e086676e03ca0072f3a5ba7775c11182
2015-05-06 17:07:08,147 DEBUG S3 Server: PUT Object bkt/294249539c4cca50be5b21f8a3728a1a
2015-05-06 17:07:08,148 DEBUG S3 Server: PUT Object bkt/4ad50f670ffdf5193f73f2ef759b2659
2015-05-06 17:07:08,149 DEBUG S3 Server: PUT Object bkt/73e2c376480004ae177727421cc04700
2015-05-06 17:07:08,150 DEBUG S3 Server: PUT Object bkt/84b2536de4b48a77732f069d8a12f54c
2015-05-06 17:07:08,152 DEBUG S3 Server: PUT Object bkt/e1a73593d4ca7bd2544f8eb34c5b7196
2015-05-06 17:07:08,153 DEBUG S3 Server: PUT Object bkt/3bbfa8e351d3a5036e5902f4c1d22fe2
2015-05-06 17:07:08,154 DEBUG S3 Server: PUT Object bkt/4ca10c88685272c1cbe0c27da6578606
2015-05-06 17:07:08,156 DEBUG S3 Server: PUT Object bkt/c1357a413f21087e3f0bfb86603e4f14
2015-05-06 17:07:08,157 DEBUG S3 Server: PUT Object bkt/37027c7c05439860e23d0ca671f0c842
2015-05-06 17:07:08,159 DEBUG S3 Server: PUT Object bkt/6d7cf087b46cb4a357ba09e9db091111
2015-05-06 17:07:08,161 DEBUG S3 Server: PUT Object bkt/78be9132c99181251465245398c7f137
2015-05-06 17:07:08,162 DEBUG S3 Server: PUT Object bkt/7469a8227294c3b72b2e16cfb7094e15
2015-05-06 17:07:08,163 DEBUG S3 Server: PUT Object bkt/5b7513599470d4d1781d723071b335eb
2015-05-06 17:07:08,164 DEBUG S3 Server: PUT Object bkt/822bf401529133e805beb56dac48c968
2015-05-06 17:07:08,165 DEBUG S3 Server: PUT Object bkt/804dd27044ed25949e4d29d0558a6636
2015-05-06 17:07:08,167 DEBUG S3 Server: PUT Object bkt/65001ab025dc2d20b4b30f3002f151df
2015-05-06 17:07:08,169 DEBUG S3 Server: PUT Object bkt/d96db73f672ab27892fe7afc68873ad5
2015-05-06 17:07:08,170 DEBUG S3 Server: PUT Object bkt/bd85396ad1e7208bea4678e889b625f1
2015-05-06 17:07:08,172 DEBUG S3 Server: PUT Object bkt/0bedc6f4e3f51014a5f858e52fa2d721
2015-05-06 17:07:08,173 DEBUG S3 Server: PUT Object bkt/cf3e4b73ae4cc4ef47d5a8123f19cedc
2015-05-06 17:07:08,175 DEBUG S3 Server: PUT Object bkt/106c3443df1280888d8d8af8afa5aff3
2015-05-06 17:07:08,176 DEBUG S3 Server: PUT Object bkt/6951ba3b8f114ab85e7dd3d88bb31064
2015-05-06 17:07:08,178 DEBUG S3 Server: PUT Object bkt/252b7720134b863ad8443f4b2d78f450
2015-05-06 17:07:08,179 DEBUG S3 Server: PUT Object bkt/da243c9b93c57f768b76826467539d34
2015-05-06 17:07:08,181 DEBUG S3 Server: PUT Object bkt/6055bff93f440e69035a5b593de1062d
2015-05-06 17:07:08,183 DEBUG S3 Server: PUT Object bkt/c3a6b664f83610035dfd0221c51c6506
2015-05-06 17:07:08,184 DEBUG S3 Server: PUT Object bkt/11bb1d4e106cbe637ae2da99d4d312ed
2015-05-06 17:07:08,186 DEBUG S3 Server: PUT Object bkt/368e139ed77e25cb5b6bfcb270fc58d4
2015-05-06 17:07:08,187 DEBUG S3 Server: PUT Object bkt/db693deec8c685ef68aeb57c2a76d6e0
2015-05-06 17:07:08,189 DEBUG S3 Server: PUT Object bkt/800f1a93db5bc32c9c7402133564e3ce
2015-05-06 17:07:08,190 DEBUG S3 Server: PUT Object bkt/1c9009a3822f6d45bea552698acbca1a
2015-05-06 17:07:08,191 DEBUG S3 Server: PUT Object bkt/efd06cf0d64b749723a8bf1721dd5c7e
2015-05-06 17:07:08,193 DEBUG S3 Server: PUT Object bkt/804448e8e48f94b6ea2f4efc4fdfc89c
2015-05-06 17:07:08,194 DEBUG S3 Server: PUT Object bkt/7b60b5522dff1d35fe784d9873c9d83e
2015-05-06 17:07:08,195 DEBUG S3 Server: PUT Object bkt/8d7235f223ab6620318dc2bcb3cf91e7
2015-05-06 17:07:08,197 DEBUG S3 Server: PUT Object bkt/5c51c7c6262f607344cdb7dc985659f1
2015-05-06 17:07:08,198 DEBUG S3 Server: PUT Object bkt/6b09b21ed5401a97c3d4866782a7324b
2015-05-06 17:07:08,199 DEBUG S3 Server: PUT Object bkt/c9ed798ea3ac1bdde02e1ede95edae8d
2015-05-06 17:07:08,201 DEBUG S3 Server: PUT Object bkt/a5ac87c4c6dbbf1d73bc1d028acc20bb
2015-05-06 17:07:08,202 DEBUG S3 Server: PUT Object bkt/29947b5991bc54d9eacd66a4a90f0999
2015-05-06 17:07:08,204 DEBUG S3 Server: PUT Object bkt/b87f5ac7e75a37caca0989f16baf88aa
2015-05-06 17:07:08,205 DEBUG S3 Server: PUT Object bkt/92f7ddefd41438a0a3b722472f38f625
2015-05-06 17:07:08,207 DEBUG S3 Server: PUT Object bkt/1199ac874865acd906b6da6f3f1310f9
2015-05-06 17:07:08,208 DEBUG S3 Server: PUT Object bkt/7262b1a9facf89353537aaacd5924330
2015-05-06 17:07:08,210 DEBUG S3 Server: PUT Object bkt/7fbfa9348a3fbd4cd203eead878836f3
2015-05-06 17:07:08,212 DEBUG S3 Server: PUT Object bkt/5b8b77a8c78129bd7a1ce7e1cf8de69a
2015-05-06 17:07:08,213 DEBUG S3 Server: PUT Object bkt/301b6ee49901706f1d28d7386ab6eec9
2015-05-06 17:07:08,214 DEBUG S3 Server: PUT Object bkt/c704000acec6cc80d736c504e148916c
2015-05-06 17:07:08,215 DEBUG S3 Server: PUT Object bkt/01380a913f35a9ae4f9ba8fba2b9e43a
2015-05-06 17:07:08,217 DEBUG S3 Server: PUT Object bkt/23c2ad00655c3ad9d4d85360ec05a6bb
2015-05-06 17:07:08,218 DEBUG S3 Server: PUT Object bkt/aea9155c3578035fc0e0bd09f1cd8b18
2015-05-06 17:07:08,219 DEBUG S3 Server: PUT Object bkt/de0a8e8fc3a796316edf40e9b1b9068e
2015-05-06 17:07:08,220 DEBUG S3 Server: PUT Object bkt/b2034a159f1df8417b728f7d03df514e
2015-05-06 17:07:08,222 DEBUG S3 Server: PUT Object bkt/2d1f89485c534f856748eef36874be30
2015-05-06 17:07:08,224 DEBUG S3 Server: PUT Object bkt/77ba5598b96e308e9e321bcac7f62298
2015-05-06 17:07:08,225 DEBUG S3 Server: PUT Object bkt/e015cbbba42228ebb5ce0238b4cedc2c
2015-05-06 17:07:08,226 DEBUG S3 Server: PUT Object bkt/54268e5cedb018312bec4ad542174620
2015-05-06 17:07:08,228 DEBUG S3 Server: PUT Object bkt/e2b4aabad7c5fe5c111375e7021787c1
2015-05-06 17:07:08,229 DEBUG S3 Server: PUT Object bkt/795700cff2c71e7d364209faa3945cd9
2015-05-06 17:07:08,230 DEBUG S3 Server: PUT Object bkt/60aeb0a864cb4b279ed12b92791f28c9
2015-05-06 17:07:08,231 DEBUG S3 Server: PUT Object bkt/3c7dc144234b20b538fca181c266c4fd
2015-05-06 17:07:08,233 DEBUG S3 Server: PUT Object bkt/32df86727aea3d2e6247b5f592433da9
2015-05-06 17:07:08,234 DEBUG S3 Server: PUT Object bkt/4c495315e24e077c1a9088b0b987b943
2015-05-06 17:07:08,235 DEBUG S3 Server: PUT Object bkt/c48b1578e88de33ad3a9ca2c376b52cc
2015-05-06 17:07:08,237 DEBUG S3 Server: PUT Object bkt/9dfaf0a08fc7ba8b67dcc8d2a90e1111
2015-05-06 17:07:08,238 DEBUG S3 Server: PUT Object bkt/5333b5b1c982ecfcb6c8be8fc86b289f
2015-05-06 17:07:08,239 DEBUG S3 Server: PUT Object bkt/9d18c4b0ae2c848dbbbcad3b0d5e5716
2015-05-06 17:07:08,241 DEBUG S3 Server: PUT Object bkt/a331275244701869adaa17945f1facae
2015-05-06 17:07:08,242 DEBUG S3 Server: PUT Object bkt/088c4ba387e66ef9b228d3ff13ee565f
2015-05-06 17:07:08,244 DEBUG S3 Server: PUT Object bkt/c4057cac29c5e6c866561a3955b64169
2015-05-06 17:07:08,245 DEBUG S3 Server: PUT Object bkt/9649ca2042c2b443f8116f752394791b
2015-05-06 17:07:08,247 DEBUG S3 Server: PUT Object bkt/ded4caa93d8d428df202ce91e563d9d8
2015-05-06 17:07:08,248 DEBUG S3 Server: PUT Object bkt/2eafea8fd3683abb9c69c75e93680aa0
2015-05-06 17:07:08,249 DEBUG S3 Server: PUT Object bkt/e3639ec5e342e51fe9a5aaa27fe3c8be
2015-05-06 17:07:08,251 DEBUG S3 Server: PUT Object bkt/9f02efb0108f37e6c025bf91b8e9320a
2015-05-06 17:07:08,252 DEBUG S3 Server: PUT Object bkt/d3eca36319e06018affb2b6d45db4ab8
2015-05-06 17:07:08,254 DEBUG S3 Server: PUT Object bkt/cdb44bcdb5fc16ecd46db5f2494df40b
2015-05-06 17:07:08,256 DEBUG S3 Server: PUT Object bkt/0f7d34733a3f3846a25dd764a5b35a3a
2015-05-06 17:07:08,258 DEBUG S3 Server: PUT Object bkt/3d42ac9f645bb8a01dd3fd11d0eca76d
2015-05-06 17:07:08,259 DEBUG S3 Server: PUT Object bkt/1ee8e4e441cb7197dc9e820e8cb76274
2015-05-06 17:07:08,260 DEBUG S3 Server: PUT Object bkt/1fc2d5b6740600bc5601ff6a95c876da
2015-05-06 17:07:08,262 DEBUG S3 Server: PUT Object bkt/cacfc9c15b5b50b6dbcdd88a2cb41b58
2015-05-06 17:07:08,263 DEBUG S3 Server: PUT Object bkt/c2290c9804eb873447bb44cd940a715d
2015-05-06 17:07:08,264 DEBUG S3 Server: PUT Object bkt/e8553068429ccad0f830d13225e6881d
2015-05-06 17:07:08,265 DEBUG S3 Server: PUT Object bkt/be9e8645db4ce8e8ccdda64283db5192
2015-05-06 17:07:08,266 DEBUG S3 Server: PUT Object bkt/f8f57d0709526b1f9207b92ccb7eb381
2015-05-06 17:07:08,268 DEBUG S3 Server: PUT Object bkt/5e959f70390fed8e702f7c0a59717910
2015-05-06 17:07:08,270 DEBUG S3 Server: PUT Object bkt/6aefef27949d6aea5336e90d1990157a
2015-05-06 17:07:08,271 DEBUG S3 Server: PUT Object bkt/5a6491612f26e82449206c7a5afbe347
2015-05-06 17:07:08,272 DEBUG S3 Server: PUT Object bkt/9d83e8749389ed8844b87c9b5aaba58e
2015-05-06 17:07:08,273 DEBUG S3 Server: PUT Object bkt/8ac0cc6adab26fdca2659f226b196cfb
2015-05-06 17:07:08,274 DEBUG S3 Server: PUT Object bkt/e399d7c14f2fe3f5da7a70967a1bd0f8
2015-05-06 17:07:08,275 DEBUG S3 Server: PUT Object bkt/6dafcda1edf381c5ce2e4b2e9bd5eac3
2015-05-06 17:07:08,277 DEBUG S3 Server: PUT Object bkt/613f4300f15c93787011a88a7383f345
2015-05-06 17:07:08,278 DEBUG S3 Server: PUT Object bkt/2d7e2e5bcfbeee7ebc83e81232d82fb5
2015-05-06 17:07:08,280 DEBUG S3 Server: PUT Object bkt/135bffe759825e7a692e3ff3df82f60a
2015-05-06 17:07:08,281 DEBUG S3 Server: PUT Object bkt/fa82e8a610d193cbc9633bdf809c6cc0
2015-05-06 17:07:08,283 DEBUG S3 Server: PUT Object bkt/6f266fbb856f7c1915c68dbca46b40c5
2015-05-06 17:07:08,286 DEBUG S3 Server: PUT Object bkt/1a0379be82826e8774fee803727c8936
2015-05-06 17:07:08,287 DEBUG S3 Server: PUT Object bkt/f84ca1f3804a6bc90f0e2ee00f6734d6
2015-05-06 17:07:08,289 DEBUG S3 Server: PUT Object bkt/9403e70ce6aa9551339633cc58b94429
2015-05-06 17:07:08,290 DEBUG S3 Server: PUT Object bkt/9137ee91ed3ce618c11cf411320d7e6f
2015-05-06 17:07:08,291 DEBUG S3 Server: PUT Object bkt/86678d7da9ac68d523c5819b567888a4
2015-05-06 17:07:08,292 DEBUG S3 Server: PUT Object bkt/e80e27cd24b9dfcbf59b7e31cca93a6c
2015-05-06 17:07:08,294 DEBUG S3 Server: PUT Object bkt/74d39f74fbab6208387caf20580e18bc
2015-05-06 17:07:08,295 DEBUG S3 Server: PUT Object bkt/4205372376fbb034d12b39367b5d3f46
2015-05-06 17:07:08,296 DEBUG S3 Server: PUT Object bkt/1595cf7facc061e9930d27ec3054e840
2015-05-06 17:07:08,298 DEBUG S3 Server: PUT Object bkt/74623eee7306eea0a737ff00d71ef532
2015-05-06 17:07:08,300 DEBUG S3 Server: PUT Object bkt/f384595307c9e36961bd6b27d425c3ed
2015-05-06 17:07:08,302 DEBUG S3 Server: PUT Object bkt/7442e5d34cee856b08003ecafcef57ec
2015-05-06 17:07:08,303 DEBUG S3 Server: PUT Object bkt/8bab8bf82d218b341babb180acd6a06a
2015-05-06 17:07:08,305 DEBUG S3 Server: PUT Object bkt/242355707e6b40a2d44e652c7b8493f7
2015-05-06 17:07:08,306 DEBUG S3 Server: PUT Object bkt/9dad9bb347b8d305404c412f0fc73397
2015-05-06 17:07:08,307 DEBUG S3 Server: PUT Object bkt/f6896b789b5d4f9268dcdc52ce93f42d
2015-05-06 17:07:08,308 DEBUG S3 Server: PUT Object bkt/6983c336fe9c03ab1606bdc4af8b5bbb
2015-05-06 17:07:08,310 DEBUG S3 Server: PUT Object bkt/bf48e073581e26d7274673f77144838a
2015-05-06 17:07:08,311 DEBUG S3 Server: PUT Object bkt/ba850fb316438f52fe327a5e1f51e4b1
2015-05-06 17:07:08,312 DEBUG S3 Server: PUT Object bkt/43cf04222a6166af3b30a0127ec1ac3a
2015-05-06 17:07:08,313 DEBUG S3 Server: PUT Object bkt/01758c5c168e678c4bf69f087aeb1470
2015-05-06 17:07:08,314 DEBUG S3 Server: PUT Object bkt/23c53d094c4b11f5ac795625750e32a2
2015-05-06 17:07:08,316 DEBUG S3 Server: PUT Object bkt/97a1da0b7ab82e1dc2fa73ff91a0779b
2015-05-06 17:07:08,317 DEBUG S3 Server: PUT Object bkt/f5165aad0fcbd8024efdbf64b11ab47b
2015-05-06 17:07:08,318 DEBUG S3 Server: PUT Object bkt/273cd39c38cbcf2ad0cbb7437ff44eb5
2015-05-06 17:07:08,319 DEBUG S3 Server: PUT Object bkt/d4574fe56cfefac2d346eca2bd8cced5
2015-05-06 17:07:08,321 DEBUG S3 Server: PUT Object bkt/36cc2322aec70517ba97c3950c101fdc
2015-05-06 17:07:08,322 DEBUG S3 Server: PUT Object bkt/0618ea523603276e98aca8820ce0bbe6
2015-05-06 17:07:08,323 DEBUG S3 Server: PUT Object bkt/22dd487f726588ea69114369bf3473fb
2015-05-06 17:07:08,324 DEBUG S3 Server: PUT Object bkt/c9f7f72efd68df3d47241d850acdf028
2015-05-06 17:07:08,326 DEBUG S3 Server: PUT Object bkt/9950c2fbf8cda5d1aeab78fe24c1f030
2015-05-06 17:07:08,328 DEBUG S3 Server: PUT Object bkt/2752bd15d26f10b868fa615c58a3c48f
2015-05-06 17:07:08,329 DEBUG S3 Server: PUT Object bkt/81fa6b6e55dea9c17e2654e9b06a6e3e
2015-05-06 17:07:08,331 DEBUG S3 Server: PUT Object bkt/d392948bf409b03e64ae4e6424fd0538
2015-05-06 17:07:08,332 DEBUG S3 Server: PUT Object bkt/e6e4af3af3431486c247003311a93e6a
2015-05-06 17:07:08,334 DEBUG S3 Server: PUT Object bkt/784f249f855b0237f86b09290941acc4
2015-05-06 17:07:08,335 DEBUG S3 Server: PUT Object bkt/1bc5542812aa3e1e01659857262c6252
2015-05-06 17:07:08,336 DEBUG S3 Server: PUT Object bkt/c9d1fc2b8db8f4ec35d98eff1cbf493b
2015-05-06 17:07:08,338 DEBUG S3 Server: PUT Object bkt/e81f7d8e2766054826fe0b41d7c90648
2015-05-06 17:07:08,339 DEBUG S3 Server: PUT Object bkt/2eb036ff0cc5cfcaf61a3151c71ef918
2015-05-06 17:07:08,340 DEBUG S3 Server: PUT Object bkt/a86f5594f620d1eb261981e1502b311d
2015-05-06 17:07:08,344 DEBUG S3 Server: PUT Object bkt/523ae4ea0ce91e874e6fc5b54ff103e8
2015-05-06 17:07:08,346 DEBUG S3 Server: PUT Object bkt/65e00b308295a49ad61da97b6caff3ed
2015-05-06 17:07:08,348 DEBUG S3 Server: PUT Object bkt/59aa40fb8230c9603aca0d79b923a343
2015-05-06 17:07:08,350 DEBUG S3 Server: PUT Object bkt/a4e8b2065c74e3e9c8a2e72e59cdb2be
2015-05-06 17:07:08,351 DEBUG S3 Server: PUT Object bkt/01111724c730f082c43be3897a25fe1d
2015-05-06 17:07:08,353 DEBUG S3 Server: PUT Object bkt/7c4bafed8a08b2e38710330f97483cf7
2015-05-06 17:07:08,354 DEBUG S3 Server: PUT Object bkt/722b4481f0dc32470349c39560984330
2015-05-06 17:07:08,355 DEBUG S3 Server: PUT Object bkt/21e59e0be5c3d72cbde73ff78f11c584
2015-05-06 17:07:08,374 DEBUG S3 Server: PUT Object bkt/c4ca4238a0b923820dcc509a6f75849b
2015-05-06 17:07:08,392 DEBUG S3 Server: PUT Object bkt/ca7161a502db8be8089d16a8b2280970
2015-05-06 17:07:08,393 DEBUG S3 Server: PUT Object bkt/310dcbbf4cce62f762a2aaa148d556bd
2015-05-06 17:07:08,409 DEBUG S3 Server: PUT Object bkt/eaf051ae16fe998613cb7c28a07ddaed
2015-05-06 17:07:08,411 DEBUG S3 Server: PUT Object bkt/b6d767d2f8ed5d21a44b0e5886680cb9
2015-05-06 17:07:08,429 DEBUG 305 0 1593382 1593382

2015-05-06 17:07:08,439 DEBUG S3 Server: PUT Object bkt/7a0c68763de6df9e6026b1056dc0cd61
2015-05-06 17:07:08,441 DEBUG S3 Server: PUT Object bkt/dbc4d84bfcfe2284ba11beffb853a8c4
2015-05-06 17:07:08,448 DEBUG S3 Server: PUT Object snapshot/1430946428
2015-05-06 17:07:08,451 DEBUG S3 Server: PUT Object snapshot/record
2015-05-06 17:07:08,464 DEBUG 309 0 1698871 1698871

2015-05-06 17:07:08,484 DEBUG 309 0 1698871 1698871

2015-05-06 17:07:08,488 DEBUG S3 Server: PUT Object bkt/45a62d3d5d3e946250904697486591bc
2015-05-06 17:07:08,494 DEBUG S3 Server: PUT Object snapshot/1430946428
2015-05-06 17:07:08,497 DEBUG S3 Server: PUT Object snapshot/record
2015-05-06 17:07:08,508 DEBUG 312 0 1798739 1798739

2015-05-06 17:07:55,329 DEBUG S3 Server: DELETE Object snapshot/1430946428
2015-05-06 17:08:03,688 DEBUG 313 0 1698899 1798739

