
cfs_getattr(path="/", statbuf=0xbff65e94)

cfs_access(path="/", mask=01)

cfs_opendir(path="/", fi=0xbff65ed4)

cfs_readdir(path="/", buf=0x08665728, filler=0xb777de80, offset=0, fi=0xbff65eb4)
calling filler with name .
calling filler with name ..
calling filler with name large_test

cfs_getattr(path="/large_test", statbuf=0xbff65ea4)

cfs_getxattr(path = "/large_test", name = "security.selinux", value = 0x0869c278, size = 255)
cfs_getxattr lgetxattr
cfs_getxattr(path = "/large_test", name = "system.posix_acl_access", value = 0x00000000, size = 0)
cfs_getxattr lgetxattr
cfs_getxattr(path = "/large_test", name = "system.posix_acl_default", value = 0x00000000, size = 0)
cfs_getxattr lgetxattr
cfs_opendir(path="/large_test", fi=0xbff65ed4)

cfs_readdir(path="/large_test", buf=0x0869c168, filler=0xb777de80, offset=0, fi=0xbff65eb4)
calling filler with name .
calling filler with name a
calling filler with name ..
calling filler with name b
calling filler with name largefile
calling filler with name c

cfs_getattr(path="/large_test/a", statbuf=0xbff65ea4)

cfs_getxattr(path = "/large_test/a", name = "security.selinux", value = 0x0869c278, size = 255)
cfs_getxattr lgetxattr
cfs_getxattr(path = "/large_test/a", name = "system.posix_acl_access", value = 0x00000000, size = 0)
cfs_getxattr lgetxattr
cfs_getxattr(path = "/large_test/a", name = "system.posix_acl_default", value = 0x00000000, size = 0)
cfs_getxattr lgetxattr
cfs_getattr(path="/large_test/b", statbuf=0xbff65ea4)

cfs_getxattr(path = "/large_test/b", name = "security.selinux", value = 0x0869c278, size = 255)
cfs_getxattr lgetxattr
cfs_getxattr(path = "/large_test/b", name = "system.posix_acl_access", value = 0x00000000, size = 0)
cfs_getxattr lgetxattr
cfs_getxattr(path = "/large_test/b", name = "system.posix_acl_default", value = 0x00000000, size = 0)
cfs_getxattr lgetxattr
cfs_getattr(path="/large_test/largefile", statbuf=0xbff65ea4)

cfs_getxattr(path = "/large_test/largefile", name = "security.selinux", value = 0x0869c278, size = 255)
cfs_getxattr lgetxattr
cfs_getxattr(path = "/large_test/largefile", name = "system.posix_acl_access", value = 0x00000000, size = 0)
cfs_getxattr lgetxattr
cfs_getxattr(path = "/large_test/largefile", name = "system.posix_acl_default", value = 0x00000000, size = 0)
cfs_getxattr lgetxattr
cfs_getattr(path="/large_test/c", statbuf=0xbff65ea4)

cfs_getxattr(path = "/large_test/c", name = "security.selinux", value = 0x0869c278, size = 255)
cfs_getxattr lgetxattr
cfs_getxattr(path = "/large_test/c", name = "system.posix_acl_access", value = 0x00000000, size = 0)
cfs_getxattr lgetxattr
cfs_getxattr(path = "/large_test/c", name = "system.posix_acl_default", value = 0x00000000, size = 0)
cfs_getxattr lgetxattr
cfs_opendir(path="/large_test/a", fi=0xbff65ed4)

cfs_readdir(path="/large_test/a", buf=0x0869c168, filler=0xb777de80, offset=0, fi=0xbff65eb4)
calling filler with name big3
calling filler with name .
calling filler with name big1
calling filler with name ..
calling filler with name big2

cfs_getattr(path="/large_test/a/big3", statbuf=0xbff65ea4)

cfs_getxattr(path = "/large_test/a/big3", name = "security.selinux", value = 0x0869c278, size = 255)
cfs_getxattr lgetxattr
cfs_getxattr(path = "/large_test/a/big3", name = "system.posix_acl_access", value = 0x00000000, size = 0)
cfs_getxattr lgetxattr
cfs_getxattr(path = "/large_test/a/big3", name = "system.posix_acl_default", value = 0x00000000, size = 0)
cfs_getxattr lgetxattr
cfs_getattr(path="/large_test/a/big1", statbuf=0xbff65ea4)

cfs_getxattr(path = "/large_test/a/big1", name = "security.selinux", value = 0x0869c278, size = 255)
cfs_getxattr lgetxattr
cfs_getxattr(path = "/large_test/a/big1", name = "system.posix_acl_access", value = 0x00000000, size = 0)
cfs_getxattr lgetxattr
cfs_getxattr(path = "/large_test/a/big1", name = "system.posix_acl_default", value = 0x00000000, size = 0)
cfs_getxattr lgetxattr
cfs_getattr(path="/large_test/a/big2", statbuf=0xbff65ea4)

cfs_getxattr(path = "/large_test/a/big2", name = "security.selinux", value = 0x0869c278, size = 255)
cfs_getxattr lgetxattr
cfs_getxattr(path = "/large_test/a/big2", name = "system.posix_acl_access", value = 0x00000000, size = 0)
cfs_getxattr lgetxattr
cfs_getxattr(path = "/large_test/a/big2", name = "system.posix_acl_default", value = 0x00000000, size = 0)
cfs_getxattr lgetxattr
cfs_opendir(path="/large_test/b", fi=0xbff65ed4)

cfs_readdir(path="/large_test/b", buf=0x0869c168, filler=0xb777de80, offset=0, fi=0xbff65eb4)
calling filler with name .
calling filler with name ..
calling filler with name big4

cfs_getattr(path="/large_test/b/big4", statbuf=0xbff65ea4)

cfs_getxattr(path = "/large_test/b/big4", name = "security.selinux", value = 0x0869c278, size = 255)
cfs_getxattr lgetxattr
cfs_getxattr(path = "/large_test/b/big4", name = "system.posix_acl_access", value = 0x00000000, size = 0)
cfs_getxattr lgetxattr
cfs_getxattr(path = "/large_test/b/big4", name = "system.posix_acl_default", value = 0x00000000, size = 0)
cfs_getxattr lgetxattr
cfs_opendir(path="/large_test/c", fi=0xbff65ed4)

cfs_readdir(path="/large_test/c", buf=0x0869c168, filler=0xb777de80, offset=0, fi=0xbff65eb4)
calling filler with name big5
calling filler with name .
calling filler with name ..
calling filler with name e
calling filler with name d
calling filler with name big6

cfs_getattr(path="/large_test/c/big5", statbuf=0xbff65ea4)

cfs_getxattr(path = "/large_test/c/big5", name = "security.selinux", value = 0x0869c278, size = 255)
cfs_getxattr lgetxattr
cfs_getxattr(path = "/large_test/c/big5", name = "system.posix_acl_access", value = 0x00000000, size = 0)
cfs_getxattr lgetxattr
cfs_getxattr(path = "/large_test/c/big5", name = "system.posix_acl_default", value = 0x00000000, size = 0)
cfs_getxattr lgetxattr
cfs_getattr(path="/large_test/c/e", statbuf=0xbff65ea4)

cfs_getxattr(path = "/large_test/c/e", name = "security.selinux", value = 0x0869c278, size = 255)
cfs_getxattr lgetxattr
cfs_getxattr(path = "/large_test/c/e", name = "system.posix_acl_access", value = 0x00000000, size = 0)
cfs_getxattr lgetxattr
cfs_getxattr(path = "/large_test/c/e", name = "system.posix_acl_default", value = 0x00000000, size = 0)
cfs_getxattr lgetxattr
cfs_getattr(path="/large_test/c/d", statbuf=0xbff65ea4)

cfs_getxattr(path = "/large_test/c/d", name = "security.selinux", value = 0x0869c278, size = 255)
cfs_getxattr lgetxattr
cfs_getxattr(path = "/large_test/c/d", name = "system.posix_acl_access", value = 0x00000000, size = 0)
cfs_getxattr lgetxattr
cfs_getxattr(path = "/large_test/c/d", name = "system.posix_acl_default", value = 0x00000000, size = 0)
cfs_getxattr lgetxattr
cfs_getattr(path="/large_test/c/big6", statbuf=0xbff65ea4)

cfs_getxattr(path = "/large_test/c/big6", name = "security.selinux", value = 0x0869c278, size = 255)
cfs_getxattr lgetxattr
cfs_getxattr(path = "/large_test/c/big6", name = "system.posix_acl_access", value = 0x00000000, size = 0)
cfs_getxattr lgetxattr
cfs_getxattr(path = "/large_test/c/big6", name = "system.posix_acl_default", value = 0x00000000, size = 0)
cfs_getxattr lgetxattr
cfs_opendir(path="/large_test/c/d", fi=0xbff65ed4)

cfs_readdir(path="/large_test/c/d", buf=0x0869c168, filler=0xb777de80, offset=0, fi=0xbff65eb4)
calling filler with name big8
calling filler with name big7
calling filler with name .
calling filler with name ..

cfs_getattr(path="/large_test/c/d/big8", statbuf=0xbff65ea4)

cfs_getxattr(path = "/large_test/c/d/big8", name = "security.selinux", value = 0x0869c278, size = 255)
cfs_getxattr lgetxattr
cfs_getxattr(path = "/large_test/c/d/big8", name = "system.posix_acl_access", value = 0x00000000, size = 0)
cfs_getxattr lgetxattr
cfs_getxattr(path = "/large_test/c/d/big8", name = "system.posix_acl_default", value = 0x00000000, size = 0)
cfs_getxattr lgetxattr
cfs_getattr(path="/large_test/c/d/big7", statbuf=0xbff65ea4)

cfs_getxattr(path = "/large_test/c/d/big7", name = "security.selinux", value = 0x0869c278, size = 255)
cfs_getxattr lgetxattr
cfs_getxattr(path = "/large_test/c/d/big7", name = "system.posix_acl_access", value = 0x00000000, size = 0)
cfs_getxattr lgetxattr
cfs_getxattr(path = "/large_test/c/d/big7", name = "system.posix_acl_default", value = 0x00000000, size = 0)
cfs_getxattr lgetxattr
cfs_opendir(path="/large_test/c/e", fi=0xbff65ed4)

cfs_readdir(path="/large_test/c/e", buf=0x0869c168, filler=0xb777de80, offset=0, fi=0xbff65eb4)
calling filler with name .
calling filler with name ..

cfs_getattr(path="/", statbuf=0xbff65e94)

cfs_access(path="/", mask=01)

cfs_opendir(path="/", fi=0xbff65ed4)

cfs_access(path="/", mask=01)

cfs_opendir(path="/", fi=0xbff65ed4)

cfs_access(path="/", mask=01)

cfs_opendir(path="/", fi=0xbff65ed4)

cfs_access(path="/", mask=01)

cfs_readdir(path="/", buf=0x0869c550, filler=0xb777de80, offset=0, fi=0xbff65eb4)
calling filler with name .
calling filler with name ..
calling filler with name large_test

cfs_getattr(path="/large_test", statbuf=0xbff65ea4)

cfs_opendir(path="/large_test", fi=0xbff65ed4)

cfs_access(path="/large_test", mask=01)

cfs_readdir(path="/large_test", buf=0x0869c550, filler=0xb777de80, offset=0, fi=0xbff65eb4)
calling filler with name .
calling filler with name a
calling filler with name ..
calling filler with name b
calling filler with name largefile
calling filler with name c

cfs_getattr(path="/large_test/a", statbuf=0xbff65ea4)

cfs_opendir(path="/large_test/a", fi=0xbff65ed4)

cfs_access(path="/large_test/a", mask=01)

cfs_readdir(path="/large_test/a", buf=0x0869c550, filler=0xb777de80, offset=0, fi=0xbff65eb4)
calling filler with name big3
calling filler with name .
calling filler with name big1
calling filler with name ..
calling filler with name big2

cfs_getattr(path="/large_test/a/big3", statbuf=0xbff65ea4)

cfs_access(path="/", mask=01)

cfd_open(path"/large_test/a/big3", fi=0xbff65f60)
LancerFS log: open proxy file /large_test/a/big3

cfs_read(path="/large_test/a/big3", buf=0x087003f0, size=65536, offset=0, fi=0xbff65f50)

cfs_read(path="/large_test/a/big3", buf=0x0869c6b8, size=4096, offset=65536, fi=0xbff65f50)

cfs_getattr(path="/large_test/a/big3", statbuf=0xbff65e94)

cfs_release(path="/large_test/a/big3", fi=0xbff65f50)
LancerFS log: handle proxy file

cfs_getattr(path="/large_test/a/big1", statbuf=0xbff65ea4)

cfs_access(path="/", mask=01)

cfd_open(path"/large_test/a/big1", fi=0xbff65f60)
LancerFS log: open proxy file /large_test/a/big1

cfs_read(path="/large_test/a/big1", buf=0x087003f0, size=65536, offset=0, fi=0xbff65f50)

cfs_read(path="/large_test/a/big1", buf=0x0869c6b8, size=4096, offset=65536, fi=0xbff65f50)

cfs_getattr(path="/large_test/a/big1", statbuf=0xbff65e94)

cfs_release(path="/large_test/a/big1", fi=0xbff65f50)
LancerFS log: handle proxy file

cfs_getattr(path="/large_test/a/big2", statbuf=0xbff65ea4)

cfs_access(path="/", mask=01)

cfd_open(path"/large_test/a/big2", fi=0xbff65f60)
LancerFS log: open proxy file /large_test/a/big2

cfs_read(path="/large_test/a/big2", buf=0x087003f0, size=65536, offset=0, fi=0xbff65f50)

cfs_read(path="/large_test/a/big2", buf=0x0869c6b8, size=4096, offset=65536, fi=0xbff65f50)

cfs_getattr(path="/large_test/a/big2", statbuf=0xbff65e94)

cfs_release(path="/large_test/a/big2", fi=0xbff65f50)
LancerFS log: handle proxy file

cfs_opendir(path="/large_test", fi=0xbff65ed4)

cfs_getattr(path="/large_test", statbuf=0xbff65e94)

cfs_access(path="/large_test", mask=01)

cfs_getattr(path="/large_test/b", statbuf=0xbff65ea4)

cfs_opendir(path="/large_test/b", fi=0xbff65ed4)

cfs_access(path="/large_test/b", mask=01)

cfs_readdir(path="/large_test/b", buf=0x0869c110, filler=0xb777de80, offset=0, fi=0xbff65eb4)
calling filler with name .
calling filler with name ..
calling filler with name big4

cfs_getattr(path="/large_test/b/big4", statbuf=0xbff65ea4)

cfs_access(path="/", mask=01)

cfd_open(path"/large_test/b/big4", fi=0xbff65f60)
LancerFS log: open proxy file /large_test/b/big4

cfs_read(path="/large_test/b/big4", buf=0x08710430, size=65536, offset=0, fi=0xbff65f50)

cfs_read(path="/large_test/b/big4", buf=0x0869c6b8, size=4096, offset=65536, fi=0xbff65f50)

cfs_getattr(path="/large_test/b/big4", statbuf=0xbff65e94)

cfs_release(path="/large_test/b/big4", fi=0xbff65f50)
LancerFS log: handle proxy file

cfs_opendir(path="/large_test", fi=0xbff65ed4)

cfs_access(path="/large_test", mask=01)

cfs_getattr(path="/large_test/largefile", statbuf=0xbff65ea4)

cfs_access(path="/", mask=01)

cfd_open(path"/large_test/largefile", fi=0xbff65f60)
LancerFS log: open proxy file /large_test/largefile

cfs_read(path="/large_test/largefile", buf=0x08718450, size=65536, offset=0, fi=0xbff65f50)

cfs_read(path="/large_test/largefile", buf=0x08718450, size=131072, offset=65536, fi=0xbff65f50)

cfs_read(path="/large_test/largefile", buf=0x08718450, size=131072, offset=196608, fi=0xbff65f50)

cfs_read(path="/large_test/largefile", buf=0x08718450, size=131072, offset=327680, fi=0xbff65f50)

cfs_read(path="/large_test/largefile", buf=0x08718450, size=131072, offset=458752, fi=0xbff65f50)

cfs_read(path="/large_test/largefile", buf=0x08718450, size=131072, offset=589824, fi=0xbff65f50)

cfs_read(path="/large_test/largefile", buf=0x08718450, size=131072, offset=720896, fi=0xbff65f50)

cfs_read(path="/large_test/largefile", buf=0x08718450, size=131072, offset=851968, fi=0xbff65f50)

cfs_read(path="/large_test/largefile", buf=0x08718450, size=131072, offset=983040, fi=0xbff65f50)

cfs_read(path="/large_test/largefile", buf=0x08718450, size=131072, offset=1114112, fi=0xbff65f50)

cfs_read(path="/large_test/largefile", buf=0x08718450, size=131072, offset=1245184, fi=0xbff65f50)

cfs_read(path="/large_test/largefile", buf=0x08718450, size=131072, offset=1376256, fi=0xbff65f50)

cfs_read(path="/large_test/largefile", buf=0x08718450, size=131072, offset=1507328, fi=0xbff65f50)

cfs_read(path="/large_test/largefile", buf=0x08718450, size=131072, offset=1638400, fi=0xbff65f50)

cfs_read(path="/large_test/largefile", buf=0x08718450, size=131072, offset=1769472, fi=0xbff65f50)

cfs_read(path="/large_test/largefile", buf=0x08718450, size=131072, offset=1900544, fi=0xbff65f50)

cfs_read(path="/large_test/largefile", buf=0x08718450, size=131072, offset=2031616, fi=0xbff65f50)

cfs_read(path="/large_test/largefile", buf=0x08718450, size=131072, offset=2162688, fi=0xbff65f50)

cfs_read(path="/large_test/largefile", buf=0x08718450, size=131072, offset=2293760, fi=0xbff65f50)

cfs_read(path="/large_test/largefile", buf=0x08718450, size=131072, offset=2424832, fi=0xbff65f50)

cfs_read(path="/large_test/largefile", buf=0x08718450, size=131072, offset=2555904, fi=0xbff65f50)

cfs_read(path="/large_test/largefile", buf=0x08718450, size=131072, offset=2686976, fi=0xbff65f50)

cfs_read(path="/large_test/largefile", buf=0x08718450, size=131072, offset=2818048, fi=0xbff65f50)

cfs_read(path="/large_test/largefile", buf=0x08718450, size=131072, offset=2949120, fi=0xbff65f50)

cfs_read(path="/large_test/largefile", buf=0x08718450, size=131072, offset=3080192, fi=0xbff65f50)

cfs_read(path="/large_test/largefile", buf=0x08718450, size=131072, offset=3211264, fi=0xbff65f50)

cfs_read(path="/large_test/largefile", buf=0x08718450, size=131072, offset=3342336, fi=0xbff65f50)

cfs_read(path="/large_test/largefile", buf=0x08718450, size=131072, offset=3473408, fi=0xbff65f50)

cfs_read(path="/large_test/largefile", buf=0x08718450, size=131072, offset=3604480, fi=0xbff65f50)

cfs_read(path="/large_test/largefile", buf=0x08718450, size=131072, offset=3735552, fi=0xbff65f50)

cfs_read(path="/large_test/largefile", buf=0x08718450, size=131072, offset=3866624, fi=0xbff65f50)

cfs_read(path="/large_test/largefile", buf=0x08718450, size=131072, offset=3997696, fi=0xbff65f50)

cfs_read(path="/large_test/largefile", buf=0x08718450, size=118784, offset=4128768, fi=0xbff65f50)

cfs_getattr(path="/large_test/largefile", statbuf=0xbff65e94)

cfs_release(path="/large_test/largefile", fi=0xbff65f50)
LancerFS log: handle proxy file

cfs_getattr(path="/large_test/c", statbuf=0xbff65ea4)

cfs_opendir(path="/large_test/c", fi=0xbff65ed4)

cfs_access(path="/large_test/c", mask=01)

cfs_readdir(path="/large_test/c", buf=0x0869c200, filler=0xb777de80, offset=0, fi=0xbff65eb4)
calling filler with name big5
calling filler with name .
calling filler with name ..
calling filler with name e
calling filler with name d
calling filler with name big6

cfs_getattr(path="/large_test/c/big5", statbuf=0xbff65ea4)

cfs_access(path="/", mask=01)

cfd_open(path"/large_test/c/big5", fi=0xbff65f60)
LancerFS log: open proxy file /large_test/c/big5

cfs_read(path="/large_test/c/big5", buf=0x08720470, size=65536, offset=0, fi=0xbff65f50)

cfs_read(path="/large_test/c/big5", buf=0x0869c6b8, size=4096, offset=65536, fi=0xbff65f50)

cfs_getattr(path="/large_test/c/big5", statbuf=0xbff65e94)

cfs_release(path="/large_test/c/big5", fi=0xbff65f50)
LancerFS log: handle proxy file

cfs_getattr(path="/large_test/c/e", statbuf=0xbff65ea4)

cfs_opendir(path="/large_test/c/e", fi=0xbff65ed4)

cfs_access(path="/large_test/c/e", mask=01)

cfs_readdir(path="/large_test/c/e", buf=0x0869c008, filler=0xb777de80, offset=0, fi=0xbff65eb4)
calling filler with name .
calling filler with name ..

cfs_opendir(path="/large_test/c", fi=0xbff65ed4)

cfs_getattr(path="/large_test/c", statbuf=0xbff65e94)

cfs_access(path="/large_test/c", mask=01)

cfs_getattr(path="/large_test/c/d", statbuf=0xbff65ea4)

cfs_opendir(path="/large_test/c/d", fi=0xbff65ed4)

cfs_access(path="/large_test/c/d", mask=01)

cfs_readdir(path="/large_test/c/d", buf=0x08665728, filler=0xb777de80, offset=0, fi=0xbff65eb4)
calling filler with name big8
calling filler with name big7
calling filler with name .
calling filler with name ..

cfs_getattr(path="/large_test/c/d/big8", statbuf=0xbff65ea4)

cfs_access(path="/", mask=01)

cfd_open(path"/large_test/c/d/big8", fi=0xbff65f60)
LancerFS log: open proxy file /large_test/c/d/big8

cfs_read(path="/large_test/c/d/big8", buf=0x087384d0, size=65536, offset=0, fi=0xbff65f50)

cfs_read(path="/large_test/c/d/big8", buf=0x0869c6b8, size=4096, offset=65536, fi=0xbff65f50)

cfs_getattr(path="/large_test/c/d/big8", statbuf=0xbff65e94)

cfs_release(path="/large_test/c/d/big8", fi=0xbff65f50)
LancerFS log: handle proxy file

cfs_getattr(path="/large_test/c/d/big7", statbuf=0xbff65ea4)

cfs_access(path="/", mask=01)

cfd_open(path"/large_test/c/d/big7", fi=0xbff65f60)
LancerFS log: open proxy file /large_test/c/d/big7

cfs_read(path="/large_test/c/d/big7", buf=0x087384d0, size=65536, offset=0, fi=0xbff65f50)

cfs_read(path="/large_test/c/d/big7", buf=0x0869c6b8, size=4096, offset=65536, fi=0xbff65f50)

cfs_getattr(path="/large_test/c/d/big7", statbuf=0xbff65e94)

cfs_release(path="/large_test/c/d/big7", fi=0xbff65f50)
LancerFS log: handle proxy file

cfs_opendir(path="/large_test/c", fi=0xbff65ed4)

cfs_access(path="/large_test/c", mask=01)

cfs_getattr(path="/large_test/c/big6", statbuf=0xbff65ea4)

cfs_access(path="/", mask=01)

cfd_open(path"/large_test/c/big6", fi=0xbff65f60)
LancerFS log: open proxy file /large_test/c/big6

cfs_read(path="/large_test/c/big6", buf=0x087404f0, size=65536, offset=0, fi=0xbff65f50)

cfs_read(path="/large_test/c/big6", buf=0x0869c6b8, size=4096, offset=65536, fi=0xbff65f50)

cfs_getattr(path="/large_test/c/big6", statbuf=0xbff65e94)

cfs_release(path="/large_test/c/big6", fi=0xbff65f50)
LancerFS log: handle proxy file

cfs_opendir(path="/large_test", fi=0xbff65ed4)

cfs_access(path="/large_test", mask=01)

cfs_opendir(path="/", fi=0xbff65ed4)

cfs_getattr(path="/", statbuf=0xbff65e94)

cfs_access(path="/", mask=01)

cfs_access(path="/", mask=01)

cfs_access(path="/", mask=01)

cfs_opendir(path="/", fi=0xbff65ed4)

cfs_access(path="/", mask=01)

cfs_opendir(path="/", fi=0xbff65ed4)

cfs_access(path="/", mask=01)

cfs_access(path="/", mask=01)

cfs_access(path="/", mask=01)

cfs_opendir(path="/", fi=0xbff65ed4)

cfs_readdir(path="/", buf=0x0869c110, filler=0xb777de80, offset=0, fi=0xbff65eb4)
calling filler with name .
calling filler with name ..
calling filler with name large_test

cfs_opendir(path="/large_test", fi=0xbff65ed4)

cfs_readdir(path="/large_test", buf=0x0869c110, filler=0xb777de80, offset=0, fi=0xbff65eb4)
calling filler with name .
calling filler with name a
calling filler with name ..
calling filler with name b
calling filler with name largefile
calling filler with name c

cfs_opendir(path="/large_test", fi=0xbff65ed4)

cfs_getattr(path="/large_test", statbuf=0xbff65e94)

cfs_readdir(path="/large_test", buf=0x0869c110, filler=0xb777de80, offset=0, fi=0xbff65eb4)
calling filler with name .
calling filler with name a
calling filler with name ..
calling filler with name b
calling filler with name largefile
calling filler with name c

cfs_getattr(path="/large_test/a", statbuf=0xbff65e94)

cfs_opendir(path="/large_test/a", fi=0xbff65ed4)

cfs_readdir(path="/large_test/a", buf=0x0869c160, filler=0xb777de80, offset=0, fi=0xbff65eb4)
calling filler with name big3
calling filler with name .
calling filler with name big1
calling filler with name ..
calling filler with name big2

cfs_opendir(path="/large_test/a", fi=0xbff65ed4)

cfs_getattr(path="/large_test/a", statbuf=0xbff65e94)

cfs_readdir(path="/large_test/a", buf=0x0869c160, filler=0xb777de80, offset=0, fi=0xbff65eb4)
calling filler with name big3
calling filler with name .
calling filler with name big1
calling filler with name ..
calling filler with name big2
cfs_unlink(path="/large_test/a/big3")
cfs_unlink(path="/large_test/a/big1")
cfs_unlink(path="/large_test/a/big2")
cfs_rmdir(path="/large_test/a")

cfs_getattr(path="/large_test/b", statbuf=0xbff65e94)

cfs_opendir(path="/large_test/b", fi=0xbff65ed4)

cfs_readdir(path="/large_test/b", buf=0x0869c160, filler=0xb777de80, offset=0, fi=0xbff65eb4)
calling filler with name .
calling filler with name ..
calling filler with name big4

cfs_opendir(path="/large_test/b", fi=0xbff65ed4)

cfs_getattr(path="/large_test/b", statbuf=0xbff65e94)

cfs_readdir(path="/large_test/b", buf=0x0869c160, filler=0xb777de80, offset=0, fi=0xbff65eb4)
calling filler with name .
calling filler with name ..
calling filler with name big4
cfs_unlink(path="/large_test/b/big4")
cfs_rmdir(path="/large_test/b")
cfs_unlink(path="/large_test/largefile")

cfs_opendir(path="/large_test/c", fi=0xbff65ed4)

cfs_readdir(path="/large_test/c", buf=0x0869c160, filler=0xb777de80, offset=0, fi=0xbff65eb4)
calling filler with name big5
calling filler with name .
calling filler with name ..
calling filler with name e
calling filler with name d
calling filler with name big6

cfs_opendir(path="/large_test/c", fi=0xbff65ed4)

cfs_getattr(path="/large_test/c", statbuf=0xbff65e94)

cfs_readdir(path="/large_test/c", buf=0x0869c160, filler=0xb777de80, offset=0, fi=0xbff65eb4)
calling filler with name big5
calling filler with name .
calling filler with name ..
calling filler with name e
calling filler with name d
calling filler with name big6
cfs_unlink(path="/large_test/c/big5")

cfs_getattr(path="/large_test/c/e", statbuf=0xbff65e94)

cfs_opendir(path="/large_test/c/e", fi=0xbff65ed4)

cfs_readdir(path="/large_test/c/e", buf=0x0869f668, filler=0xb777de80, offset=0, fi=0xbff65eb4)
calling filler with name .
calling filler with name ..
cfs_rmdir(path="/large_test/c/e")

cfs_getattr(path="/large_test/c/d", statbuf=0xbff65e94)

cfs_opendir(path="/large_test/c/d", fi=0xbff65ed4)

cfs_readdir(path="/large_test/c/d", buf=0x0869f668, filler=0xb777de80, offset=0, fi=0xbff65eb4)
calling filler with name big8
calling filler with name big7
calling filler with name .
calling filler with name ..

cfs_opendir(path="/large_test/c/d", fi=0xbff65ed4)

cfs_getattr(path="/large_test/c/d", statbuf=0xbff65e94)

cfs_readdir(path="/large_test/c/d", buf=0x0869f668, filler=0xb777de80, offset=0, fi=0xbff65eb4)
calling filler with name big8
calling filler with name big7
calling filler with name .
calling filler with name ..
cfs_unlink(path="/large_test/c/d/big8")
cfs_unlink(path="/large_test/c/d/big7")
cfs_rmdir(path="/large_test/c/d")
cfs_unlink(path="/large_test/c/big6")
cfs_rmdir(path="/large_test/c")
cfs_rmdir(path="/large_test")

cfs_getattr(path="/", statbuf=0xbff65e94)

cfs_opendir(path="/", fi=0xbff65ed4)

cfs_readdir(path="/", buf=0x0869c110, filler=0xb777de80, offset=0, fi=0xbff65eb4)
calling filler with name .
calling filler with name ..

cfs_opendir(path="/", fi=0xbff65ed4)

cfs_access(path="/", mask=01)

cfs_opendir(path="/", fi=0xbff65ed4)

cfs_access(path="/", mask=01)

cfs_access(path="/", mask=01)

cfs_access(path="/", mask=01)

cfs_opendir(path="/", fi=0xbff65ed4)

cfs_access(path="/", mask=01)

cfs_opendir(path="/", fi=0xbff65ed4)

cfs_access(path="/", mask=01)

cfs_access(path="/", mask=01)

cfs_access(path="/", mask=01)

cfs_getattr(path="/", statbuf=0xbff65e94)

cfs_getattr(path="/", statbuf=0xbff65e94)
