2014-03-29 22:41:51,979 DEBUG S3 Server: LIST Server
2014-03-29 22:41:51,986 DEBUG S3 Server: CREATE Bucket test
2014-03-29 22:41:52,019 DEBUG S3 Server: LIST Server
2014-03-29 22:41:52,022 DEBUG S3 Server: PUT Object test/helloworld
2014-03-29 22:41:52,025 DEBUG S3 Server: LIST Bucket test
2014-03-29 22:41:52,028 DEBUG S3 Server: GET Object test/helloworld
2014-03-29 22:41:52,034 DEBUG S3 Server: DELETE Object test/helloworld
2014-03-29 22:41:52,036 DEBUG S3 Server: LIST Bucket test
2014-03-29 22:41:52,047 DEBUG S3 Server: DELETE Bucket test
2014-03-29 22:41:52,048 DEBUG S3 Server: LIST Server
2014-03-29 22:42:05,345 DEBUG S3 Server: LIST Server
2014-03-30 15:30:42,808 DEBUG S3 Server: LIST Bucket gui
2014-03-30 15:30:45,101 DEBUG S3 Server: LIST Server
2015-03-19 19:33:39,364 DEBUG S3 Server: LIST Server
2015-03-19 19:33:39,369 DEBUG S3 Server: CREATE Bucket test2
2015-03-19 19:33:39,371 DEBUG S3 Server: LIST Server
2015-03-19 19:33:39,374 DEBUG S3 Server: PUT Object test2/helloworld
2015-03-19 19:33:39,375 DEBUG S3 Server: LIST Bucket test2
2015-03-19 19:33:39,377 DEBUG S3 Server: GET Object test2/helloworld
2015-03-19 19:33:39,378 DEBUG S3 Server: DELETE Object test2/helloworld
2015-03-19 19:33:39,379 DEBUG S3 Server: LIST Bucket test2
2015-03-19 19:33:39,380 DEBUG S3 Server: LIST Server
2015-03-19 21:00:10,159 DEBUG S3 Server: LIST Server
2015-03-19 21:00:10,164 DEBUG S3 Server: CREATE Bucket test2
2015-03-19 21:00:10,166 DEBUG S3 Server: LIST Server
2015-03-19 21:00:10,168 DEBUG S3 Server: PUT Object test2/helloworld
2015-03-19 21:00:10,169 DEBUG S3 Server: LIST Bucket test2
2015-03-19 21:00:10,171 DEBUG S3 Server: GET Object test2/helloworld
2015-03-19 21:00:10,173 DEBUG S3 Server: DELETE Object test2/helloworld
2015-03-19 21:00:10,176 DEBUG S3 Server: LIST Bucket test2
2015-03-19 21:00:10,178 DEBUG S3 Server: LIST Server
2015-04-01 13:42:41,361 DEBUG 0 0 4 0

2015-04-01 13:43:33,796 DEBUG 0 0 4 0

2015-04-01 13:44:32,989 DEBUG 0 0 4 0

2015-04-01 13:44:41,420 DEBUG 0 0 4 0

2015-04-01 13:44:55,868 DEBUG 0 0 4 0

2015-04-01 13:55:05,287 DEBUG S3 Server: PUT Object bkt/+home+student+mnt+ssd+largefile
2015-04-01 13:55:45,680 DEBUG 1 0 4 0

2015-04-01 14:02:22,341 DEBUG S3 Server: PUT Object bkt/+home+student+mnt+ssd+largefile
2015-04-01 14:02:47,672 DEBUG S3 Server: GET Object bkt/+home+student+mnt+ssd+largefile
2015-04-01 14:03:29,967 DEBUG S3 Server: GET Object bkt/+home+student+mnt+ssd+largefile
2015-04-01 14:04:29,190 DEBUG S3 Server: PUT Object bkt/+home+student+mnt+ssd+largefile
2015-04-01 14:04:47,563 DEBUG S3 Server: GET Object bkt/+home+student+mnt+ssd+largefile
2015-04-01 14:08:43,500 DEBUG S3 Server: GET Object bkt/+home+student+mnt+ssd+largefile
2015-04-01 14:46:56,798 DEBUG S3 Server: PUT Object bkt/+home+student+mnt+ssd+largefile
2015-04-01 14:47:28,038 DEBUG 1 0 4 0

2015-04-01 14:56:37,345 DEBUG S3 Server: GET Object bkt/+home+student+mnt+ssd+largefile
2015-04-01 15:02:49,241 DEBUG S3 Server: GET Object bkt/+home+student+mnt+ssd+largefile
2015-04-01 15:06:28,813 DEBUG 3 0 4 0

2015-04-01 15:11:31,009 DEBUG S3 Server: PUT Object bkt//home+student+mnt+ssd+largefile
2015-04-01 15:13:38,175 DEBUG S3 Server: PUT Object bkt/home+student+mnt+ssd+largefile
2015-04-01 15:20:14,579 DEBUG S3 Server: DELETE Bucket bkt
2015-04-01 15:20:14,581 DEBUG S3 Server: CREATE Bucket bkt
2015-04-01 15:20:18,324 DEBUG S3 Server: PUT Object bkt/home+student+mnt+ssd+largefile
2015-04-01 15:22:32,966 DEBUG S3 Server: GET Object bkt//home+student+mnt+ssd+largefile
2015-04-01 15:24:00,597 DEBUG S3 Server: DELETE Bucket bkt
2015-04-01 15:24:00,601 DEBUG S3 Server: CREATE Bucket bkt
2015-04-01 15:24:02,486 DEBUG S3 Server: PUT Object bkt//home+student+mnt+ssd+largefile
2015-04-01 15:24:40,774 DEBUG S3 Server: DELETE Bucket bkt
2015-04-01 15:24:40,775 DEBUG S3 Server: CREATE Bucket bkt
2015-04-01 15:24:45,764 DEBUG S3 Server: PUT Object bkt/+home+student+mnt+ssd+largefile
2015-04-01 15:24:54,394 DEBUG S3 Server: GET Object bkt/+home+student+mnt+ssd+largefile
2015-04-01 15:46:11,691 DEBUG S3 Server: DELETE Bucket bkt
2015-04-01 15:46:11,693 DEBUG S3 Server: CREATE Bucket bkt
2015-04-01 15:46:39,990 DEBUG S3 Server: PUT Object bkt/+home+student+mnt+ssd+largefile
2015-04-01 15:47:36,379 DEBUG S3 Server: GET Object bkt/+home+student+mnt+ssd+largefile
2015-04-01 15:51:31,534 DEBUG S3 Server: GET Object bkt/+home+student+mnt+ssd+largefile
2015-04-01 15:52:54,313 DEBUG S3 Server: GET Object bkt/+home+student+mnt+ssd+largefile
2015-04-01 15:57:48,114 DEBUG 0 0 4 0

2015-04-01 16:01:47,570 DEBUG S3 Server: DELETE Bucket bkt
2015-04-01 16:01:47,572 DEBUG S3 Server: CREATE Bucket bkt
2015-04-01 16:01:56,127 DEBUG S3 Server: PUT Object bkt/+home+student+mnt+ssd+largefile
2015-04-01 16:02:19,642 DEBUG S3 Server: GET Object bkt/+home+student+mnt+ssd+largefile
2015-04-01 16:02:19,673 DEBUG S3 Server: GET Object bkt/+home+student+mnt+ssd+largefile
2015-04-01 16:02:31,561 DEBUG S3 Server: GET Object bkt/+home+student+mnt+ssd+largefile
2015-04-01 16:02:31,589 DEBUG S3 Server: GET Object bkt/+home+student+mnt+ssd+largefile
2015-04-01 16:02:57,407 DEBUG S3 Server: GET Object bkt/+home+student+mnt+ssd+largefile
2015-04-01 16:02:57,437 DEBUG S3 Server: GET Object bkt/+home+student+mnt+ssd+largefile
2015-04-01 16:03:11,565 DEBUG S3 Server: GET Object bkt/+home+student+mnt+ssd+largefile
2015-04-01 16:03:11,673 DEBUG S3 Server: PUT Object bkt/+home+student+mnt+ssd+largefile~
2015-04-01 16:03:11,743 DEBUG S3 Server: PUT Object bkt/+home+student+mnt+ssd+largefile
2015-04-01 16:03:11,766 DEBUG S3 Server: PUT Object bkt/+home+student+mnt+ssd+.largefile.swp
2015-04-01 23:46:07,982 DEBUG S3 Server: DELETE Bucket bkt
2015-04-01 23:46:07,985 DEBUG S3 Server: CREATE Bucket bkt
2015-04-01 23:48:20,467 DEBUG S3 Server: DELETE Bucket bkt
2015-04-01 23:48:20,469 DEBUG S3 Server: CREATE Bucket bkt
2015-04-02 02:16:56,848 DEBUG S3 Server: CREATE Bucket bkt
2015-04-02 02:17:30,647 DEBUG S3 Server: PUT Object bkt/+home+student+mnt+ssd+big4
2015-04-02 02:25:39,972 DEBUG S3 Server: GET Object bkt/+home+student+mnt+ssd+big4
2015-04-02 02:25:39,975 DEBUG S3 Server: GET Object bkt/+home+student+mnt+ssd+big4
2015-04-02 02:25:48,075 DEBUG S3 Server: GET Object bkt/+home+student+mnt+ssd+big4
2015-04-02 02:25:48,078 DEBUG S3 Server: PUT Object bkt/+home+student+mnt+ssd+big4~
2015-04-02 02:25:48,080 DEBUG S3 Server: DELETE Object bkt/+home+student+mnt+ssd+big4
2015-04-02 02:25:48,084 DEBUG S3 Server: PUT Object bkt/+home+student+mnt+ssd+big4
2015-04-02 02:25:48,086 DEBUG S3 Server: DELETE Object bkt/+home+student+mnt+ssd+big4~
2015-04-02 02:25:48,732 DEBUG S3 Server: PUT Object bkt/+home+student+mnt+ssd+.big4.swp
2015-04-02 02:25:48,734 DEBUG S3 Server: DELETE Object bkt/+home+student+mnt+ssd+.big4.swp
2015-04-02 03:20:31,480 DEBUG S3 Server: CREATE Bucket bkt
